Loading python/3.10.8-gpu
  Loading requirement: nvidia/nvhpc-nompi/22.2 gcc/10.2.0
    openmpi/4.1.6-cuda-11.6
Loading pytorch/1.13.1-gpu
  Loading requirement: nvidia/cudnn/8.6.0-cuda-11.6 nvidia/tensorrt/8.4.3.1-u2
    libsndfile/1.0.28
TIME TO EXTRACT PHONE SEGMENTS: 13.14 s
DEVICE: cuda
TIME TO LOAD HUBERT: 69.38 s
NUMBER OF CPU CORES: 80
Generating embeddings for queries_phone_segments
Embedding directory for layer 8: data/tamil//embeddings/queries_phone_segments/8/raw
Embedding directory for layer 9: data/tamil//embeddings/queries_phone_segments/9/raw
000020022
0.10% done
Time: 1.54 s
000020054
0.20% done
Time: 1.64 s
000020095
0.31% done
Time: 1.93 s
000020101
0.41% done
Time: 2.18 s
000020115
0.51% done
Time: 2.43 s
000020149
0.61% done
Time: 2.49 s
000020151
0.71% done
Time: 2.80 s
000020163
0.81% done
Time: 3.12 s
000020166
0.92% done
Time: 3.34 s
000020177
1.02% done
Time: 3.57 s
000020200
1.12% done
Time: 3.75 s
000020266
1.22% done
Time: 3.96 s
000020315
1.32% done
Time: 4.05 s
000020356
1.42% done
Time: 4.19 s
000020497
1.53% done
Time: 4.37 s
000020499
1.63% done
Time: 4.72 s
000030048
1.73% done
Time: 4.93 s
000030114
1.83% done
Time: 5.10 s
000030221
1.93% done
Time: 5.21 s
000030263
2.03% done
Time: 5.41 s
000030263_2
2.14% done
Time: 5.58 s
000030382
2.24% done
Time: 5.82 s
000030391
2.34% done
Time: 5.96 s
000030419
2.44% done
Time: 6.38 s
000030429
2.54% done
Time: 6.48 s
000030486
2.64% done
Time: 6.79 s
000030488
2.75% done
Time: 7.12 s
000030494
2.85% done
Time: 7.41 s
000050021
2.95% done
Time: 7.63 s
000050026
3.05% done
Time: 7.84 s
000050059
3.15% done
Time: 8.14 s
000050074
3.26% done
Time: 8.25 s
000050108
3.36% done
Time: 8.51 s
000050153
3.46% done
Time: 8.74 s
000050155
3.56% done
Time: 9.03 s
000050163
3.66% done
Time: 9.17 s
000050216
3.76% done
Time: 9.40 s
000050241
3.87% done
Time: 9.62 s
000050245
3.97% done
Time: 9.68 s
000050255
4.07% done
Time: 10.06 s
000050287
4.17% done
Time: 10.15 s
000050355
4.27% done
Time: 10.32 s
000050363
4.37% done
Time: 10.63 s
000050367
4.48% done
Time: 11.04 s
000050367_2
4.58% done
Time: 11.21 s
000050374
4.68% done
Time: 11.73 s
000050392
4.78% done
Time: 11.81 s
000050395
4.88% done
Time: 11.95 s
000050423
4.98% done
Time: 12.33 s
000050436
5.09% done
Time: 12.62 s
000050485
5.19% done
Time: 12.91 s
000050490
5.29% done
Time: 13.29 s
000050496
5.39% done
Time: 13.46 s
000080121
5.49% done
Time: 13.66 s
000080255
5.60% done
Time: 13.77 s
000080272
5.70% done
Time: 14.03 s
000080305
5.80% done
Time: 14.29 s
000080320
5.90% done
Time: 14.53 s
000080336
6.00% done
Time: 14.70 s
000080386
6.10% done
Time: 14.98 s
000080413
6.21% done
Time: 15.06 s
000110009
6.31% done
Time: 15.15 s
000110070
6.41% done
Time: 15.37 s
000110075
6.51% done
Time: 15.51 s
000110091
6.61% done
Time: 15.83 s
000110091_2
6.71% done
Time: 15.88 s
000110102
6.82% done
Time: 16.03 s
000110108
6.92% done
Time: 16.17 s
000110133
7.02% done
Time: 16.37 s
000110139
7.12% done
Time: 16.46 s
000110148
7.22% done
Time: 16.61 s
000110150
7.32% done
Time: 16.66 s
000110170
7.43% done
Time: 16.80 s
000110200
7.53% done
Time: 16.85 s
000110219
7.63% done
Time: 16.98 s
000110221
7.73% done
Time: 17.10 s
000110239
7.83% done
Time: 17.15 s
000110266
7.93% done
Time: 17.27 s
000110266_2
8.04% done
Time: 17.52 s
000110267
8.14% done
Time: 17.77 s
000110306
8.24% done
Time: 17.92 s
000110311
8.34% done
Time: 18.10 s
000110312
8.44% done
Time: 18.40 s
000110319
8.55% done
Time: 18.78 s
000110320
8.65% done
Time: 18.97 s
000110337
8.75% done
Time: 19.31 s
000110373
8.85% done
Time: 19.43 s
000110380
8.95% done
Time: 19.58 s
000110389
9.05% done
Time: 19.79 s
000110389_2
9.16% done
Time: 20.17 s
000110494
9.26% done
Time: 20.43 s
000110499
9.36% done
Time: 20.71 s
000120026
9.46% done
Time: 20.83 s
000120095
9.56% done
Time: 20.95 s
000120136
9.66% done
Time: 21.04 s
000120208
9.77% done
Time: 21.19 s
000120213
9.87% done
Time: 21.37 s
000120232
9.97% done
Time: 21.75 s
000120296
10.07% done
Time: 22.06 s
000120347
10.17% done
Time: 22.47 s
000120365
10.27% done
Time: 22.66 s
000120381
10.38% done
Time: 22.97 s
000120399
10.48% done
Time: 23.12 s
000120411
10.58% done
Time: 23.40 s
000120426
10.68% done
Time: 23.55 s
000120441
10.78% done
Time: 24.09 s
000120450
10.89% done
Time: 24.37 s
000120486
10.99% done
Time: 24.63 s
000130050
11.09% done
Time: 24.78 s
000130056
11.19% done
Time: 24.96 s
000130094
11.29% done
Time: 25.19 s
000130105
11.39% done
Time: 25.37 s
000130106
11.50% done
Time: 25.62 s
000130114
11.60% done
Time: 26.03 s
000130127
11.70% done
Time: 26.19 s
000130178
11.80% done
Time: 26.33 s
000130308
11.90% done
Time: 26.43 s
000130333
12.00% done
Time: 26.68 s
000130375
12.11% done
Time: 26.87 s
000140023
12.21% done
Time: 26.90 s
000140109
12.31% done
Time: 26.95 s
000140119
12.41% done
Time: 27.10 s
000140138
12.51% done
Time: 27.23 s
000140163
12.61% done
Time: 27.45 s
000140175
12.72% done
Time: 27.51 s
000140201
12.82% done
Time: 27.64 s
000140209
12.92% done
Time: 27.76 s
000140241
13.02% done
Time: 27.81 s
000140283
13.12% done
Time: 28.00 s
000140304
13.22% done
Time: 28.38 s
000140368
13.33% done
Time: 28.60 s
000140374
13.43% done
Time: 28.86 s
000140458
13.53% done
Time: 29.18 s
000150017
13.63% done
Time: 29.69 s
000150068
13.73% done
Time: 29.81 s
000150069
13.84% done
Time: 30.06 s
000150152
13.94% done
Time: 30.35 s
000150166
14.04% done
Time: 30.50 s
000150199
14.14% done
Time: 30.79 s
000150216
14.24% done
Time: 30.86 s
000150246
14.34% done
Time: 31.08 s
000150316
14.45% done
Time: 31.30 s
000150316_2
14.55% done
Time: 31.58 s
000150319
14.65% done
Time: 31.81 s
000150321
14.75% done
Time: 32.09 s
000150339
14.85% done
Time: 32.44 s
000150356
14.95% done
Time: 32.72 s
000150470
15.06% done
Time: 32.93 s
000150472
15.16% done
Time: 33.18 s
000160187
15.26% done
Time: 33.33 s
000160193
15.36% done
Time: 33.59 s
000160228
15.46% done
Time: 34.03 s
000160282
15.56% done
Time: 34.32 s
000160290
15.67% done
Time: 34.52 s
000160323
15.77% done
Time: 35.13 s
000160354
15.87% done
Time: 35.28 s
000160385
15.97% done
Time: 35.68 s
000160432
16.07% done
Time: 35.83 s
000160459
16.17% done
Time: 35.91 s
000160465
16.28% done
Time: 35.99 s
000160489
16.38% done
Time: 36.28 s
000170043
16.48% done
Time: 36.54 s
000170120
16.58% done
Time: 36.75 s
000170147
16.68% done
Time: 36.80 s
000170157
16.79% done
Time: 37.06 s
000170193
16.89% done
Time: 37.33 s
000170198
16.99% done
Time: 37.59 s
000170252
17.09% done
Time: 37.83 s
000170254
17.19% done
Time: 38.15 s
000170346
17.29% done
Time: 38.49 s
000170353
17.40% done
Time: 38.75 s
000170414
17.50% done
Time: 38.92 s
000170452
17.60% done
Time: 39.10 s
000170462
17.70% done
Time: 39.36 s
000170468
17.80% done
Time: 39.74 s
000180086
17.90% done
Time: 39.89 s
000180106
18.01% done
Time: 40.15 s
000180176
18.11% done
Time: 40.44 s
000180235
18.21% done
Time: 40.80 s
000180235_2
18.31% done
Time: 40.98 s
000180449
18.41% done
Time: 41.13 s
000180452
18.51% done
Time: 41.27 s
000190328
18.62% done
Time: 41.44 s
000190429
18.72% done
Time: 41.63 s
000190482
18.82% done
Time: 41.76 s
000200025
18.92% done
Time: 41.98 s
000200154
19.02% done
Time: 42.09 s
000200239
19.13% done
Time: 42.41 s
000200460
19.23% done
Time: 42.71 s
000210038
19.33% done
Time: 42.84 s
000210071
19.43% done
Time: 42.96 s
000210086
19.53% done
Time: 43.17 s
000210095
19.63% done
Time: 43.45 s
000210243
19.74% done
Time: 43.79 s
000210325
19.84% done
Time: 44.20 s
000210325_2
19.94% done
Time: 44.31 s
000210344
20.04% done
Time: 44.54 s
000210390
20.14% done
Time: 44.69 s
000210470
20.24% done
Time: 45.06 s
000220009
20.35% done
Time: 45.24 s
000220090
20.45% done
Time: 45.55 s
000220147
20.55% done
Time: 45.70 s
000220192
20.65% done
Time: 45.94 s
000220234
20.75% done
Time: 46.03 s
000220253
20.85% done
Time: 46.14 s
000220299
20.96% done
Time: 46.45 s
000220427
21.06% done
Time: 46.74 s
000220449
21.16% done
Time: 46.94 s
000230125
21.26% done
Time: 47.11 s
000230154
21.36% done
Time: 47.34 s
000230469
21.46% done
Time: 47.39 s
000240122
21.57% done
Time: 47.53 s
000240159
21.67% done
Time: 47.73 s
000240207
21.77% done
Time: 47.91 s
000240238
21.87% done
Time: 48.14 s
000240240
21.97% done
Time: 48.35 s
000240331
22.08% done
Time: 48.47 s
000240384
22.18% done
Time: 48.58 s
000240389
22.28% done
Time: 48.83 s
000240390
22.38% done
Time: 49.27 s
000240441
22.48% done
Time: 49.53 s
000240470
22.58% done
Time: 49.77 s
000240490
22.69% done
Time: 49.93 s
000270024
22.79% done
Time: 50.16 s
000270025
22.89% done
Time: 50.24 s
000270049
22.99% done
Time: 50.38 s
000270113
23.09% done
Time: 50.55 s
000270144
23.19% done
Time: 50.78 s
000270196
23.30% done
Time: 50.93 s
000270205
23.40% done
Time: 51.07 s
000270223
23.50% done
Time: 51.18 s
000270223_2
23.60% done
Time: 51.35 s
000270223_3
23.70% done
Time: 51.55 s
000270288
23.80% done
Time: 51.69 s
000270344
23.91% done
Time: 51.95 s
000270346
24.01% done
Time: 52.13 s
000270361
24.11% done
Time: 52.56 s
000270373
24.21% done
Time: 52.98 s
000270381
24.31% done
Time: 53.27 s
000270423
24.42% done
Time: 53.42 s
000270423_2
24.52% done
Time: 53.77 s
000280062
24.62% done
Time: 54.18 s
000280080
24.72% done
Time: 54.27 s
000280124
24.82% done
Time: 54.53 s
000280134
24.92% done
Time: 54.70 s
000280195
25.03% done
Time: 54.92 s
000280195_2
25.13% done
Time: 55.14 s
000280196
25.23% done
Time: 55.30 s
000280216
25.33% done
Time: 55.38 s
000280238
25.43% done
Time: 55.53 s
000280367
25.53% done
Time: 55.75 s
000280388
25.64% done
Time: 55.98 s
000280390
25.74% done
Time: 56.16 s
000280405
25.84% done
Time: 56.33 s
000280417
25.94% done
Time: 56.55 s
000280435
26.04% done
Time: 56.78 s
000280463
26.14% done
Time: 57.04 s
000280478
26.25% done
Time: 57.19 s
000280500
26.35% done
Time: 57.74 s
000300001
26.45% done
Time: 57.80 s
000300066
26.55% done
Time: 57.89 s
000300066_2
26.65% done
Time: 58.06 s
000300153
26.75% done
Time: 58.20 s
000300181
26.86% done
Time: 58.49 s
000300267
26.96% done
Time: 58.67 s
000300349
27.06% done
Time: 58.70 s
000300435
27.16% done
Time: 58.90 s
000310033
27.26% done
Time: 59.01 s
000310063
27.37% done
Time: 59.22 s
000310073
27.47% done
Time: 59.46 s
000310087
27.57% done
Time: 59.64 s
000310126
27.67% done
Time: 59.75 s
000310154
27.77% done
Time: 60.05 s
000310303
27.87% done
Time: 60.23 s
000310310
27.98% done
Time: 60.49 s
000310373
28.08% done
Time: 60.78 s
000310409
28.18% done
Time: 61.16 s
000310493
28.28% done
Time: 61.65 s
000320103
28.38% done
Time: 61.97 s
000320105
28.48% done
Time: 62.36 s
000320112
28.59% done
Time: 62.53 s
000320161
28.69% done
Time: 62.76 s
000320172
28.79% done
Time: 62.99 s
000320187
28.89% done
Time: 63.11 s
000320201
28.99% done
Time: 63.31 s
000320228
29.09% done
Time: 63.51 s
000320228_2
29.20% done
Time: 63.77 s
000320228_3
29.30% done
Time: 64.00 s
000320254
29.40% done
Time: 64.26 s
000320337
29.50% done
Time: 64.64 s
000320386
29.60% done
Time: 64.91 s
000330052
29.70% done
Time: 64.99 s
000330064
29.81% done
Time: 65.34 s
000330081
29.91% done
Time: 65.63 s
000330117
30.01% done
Time: 66.01 s
000330135
30.11% done
Time: 66.12 s
000330155
30.21% done
Time: 66.29 s
000330229
30.32% done
Time: 66.35 s
000330231
30.42% done
Time: 66.63 s
000330288
30.52% done
Time: 66.82 s
000330298
30.62% done
Time: 66.97 s
000330379
30.72% done
Time: 67.16 s
000350032
30.82% done
Time: 67.28 s
000350040
30.93% done
Time: 67.69 s
000350070
31.03% done
Time: 68.01 s
000350094
31.13% done
Time: 68.10 s
000350097
31.23% done
Time: 68.38 s
000350136
31.33% done
Time: 68.57 s
000350160
31.43% done
Time: 68.72 s
000350182
31.54% done
Time: 69.03 s
000350209
31.64% done
Time: 69.22 s
000350215
31.74% done
Time: 69.37 s
000350222
31.84% done
Time: 69.52 s
000350332
31.94% done
Time: 69.74 s
000350386
32.04% done
Time: 69.89 s
000350407
32.15% done
Time: 70.36 s
000360001
32.25% done
Time: 70.40 s
000360041
32.35% done
Time: 70.71 s
000360083
32.45% done
Time: 70.73 s
000360090
32.55% done
Time: 70.88 s
000360098
32.66% done
Time: 71.02 s
000360147
32.76% done
Time: 71.08 s
000360202
32.86% done
Time: 71.30 s
000360202_2
32.96% done
Time: 71.45 s
000360222
33.06% done
Time: 71.51 s
000360256
33.16% done
Time: 71.71 s
000360258
33.27% done
Time: 71.96 s
000360299
33.37% done
Time: 72.31 s
000360378
33.47% done
Time: 72.60 s
000370096
33.57% done
Time: 72.89 s
000370096_2
33.67% done
Time: 73.01 s
000370117
33.77% done
Time: 73.21 s
000370126
33.88% done
Time: 73.29 s
000370151
33.98% done
Time: 73.58 s
000370381
34.08% done
Time: 73.76 s
000370391
34.18% done
Time: 73.90 s
000370481
34.28% done
Time: 74.10 s
000370486
34.38% done
Time: 74.30 s
000380072
34.49% done
Time: 74.66 s
000380095
34.59% done
Time: 74.80 s
000380124
34.69% done
Time: 75.00 s
000380134
34.79% done
Time: 75.14 s
000380148
34.89% done
Time: 75.38 s
000380197
34.99% done
Time: 75.41 s
000380223
35.10% done
Time: 75.61 s
000380248
35.20% done
Time: 75.78 s
000380273
35.30% done
Time: 75.97 s
000380276
35.40% done
Time: 76.26 s
000380294
35.50% done
Time: 76.47 s
000380299
35.61% done
Time: 76.67 s
000380302
35.71% done
Time: 77.05 s
000380385
35.81% done
Time: 77.24 s
000380404
35.91% done
Time: 77.48 s
000380455
36.01% done
Time: 77.80 s
000380456
36.11% done
Time: 78.00 s
000380466
36.22% done
Time: 78.43 s
000390055
36.32% done
Time: 78.49 s
000390099
36.42% done
Time: 78.54 s
000390145
36.52% done
Time: 78.62 s
000390187
36.62% done
Time: 79.18 s
000390208
36.72% done
Time: 79.41 s
000390265
36.83% done
Time: 79.59 s
000390305
36.93% done
Time: 79.67 s
000390323
37.03% done
Time: 79.95 s
000390349
37.13% done
Time: 80.06 s
000390410
37.23% done
Time: 80.38 s
000390438
37.33% done
Time: 80.55 s
000400058
37.44% done
Time: 80.72 s
000400086
37.54% done
Time: 80.89 s
000400116
37.64% done
Time: 81.00 s
000400122
37.74% done
Time: 81.08 s
000400181
37.84% done
Time: 81.22 s
000400229
37.95% done
Time: 81.30 s
000400240
38.05% done
Time: 81.59 s
000400241
38.15% done
Time: 81.76 s
000400341
38.25% done
Time: 81.87 s
000400368
38.35% done
Time: 82.33 s
000400391
38.45% done
Time: 82.63 s
000400436
38.56% done
Time: 82.83 s
000400441
38.66% done
Time: 83.00 s
000400485
38.76% done
Time: 83.32 s
000400500
38.86% done
Time: 83.46 s
000440060
38.96% done
Time: 83.54 s
000440060_2
39.06% done
Time: 83.63 s
000440102
39.17% done
Time: 83.97 s
000440143
39.27% done
Time: 84.12 s
000440198
39.37% done
Time: 84.20 s
000440199
39.47% done
Time: 84.49 s
000440279
39.57% done
Time: 84.70 s
000440336
39.67% done
Time: 85.03 s
000440374
39.78% done
Time: 85.23 s
000440395
39.88% done
Time: 85.38 s
000440466
39.98% done
Time: 85.93 s
000450029
40.08% done
Time: 86.11 s
000450051
40.18% done
Time: 86.22 s
000450075
40.28% done
Time: 86.66 s
000450103
40.39% done
Time: 86.92 s
000450118
40.49% done
Time: 87.16 s
000450157
40.59% done
Time: 87.36 s
000450164
40.69% done
Time: 87.53 s
000450165
40.79% done
Time: 87.74 s
000450176
40.90% done
Time: 87.92 s
000450184
41.00% done
Time: 88.36 s
000450223
41.10% done
Time: 88.45 s
000450238
41.20% done
Time: 88.56 s
000450249
41.30% done
Time: 88.78 s
000450282
41.40% done
Time: 89.13 s
000450342
41.51% done
Time: 89.39 s
000450461
41.61% done
Time: 89.74 s
000450468
41.71% done
Time: 90.01 s
000450473
41.81% done
Time: 90.21 s
000450485
41.91% done
Time: 90.47 s
000460056
42.01% done
Time: 90.56 s
000460080
42.12% done
Time: 90.89 s
000460080_2
42.22% done
Time: 91.05 s
000460088
42.32% done
Time: 91.26 s
000460093
42.42% done
Time: 91.57 s
000460218
42.52% done
Time: 91.70 s
000460228
42.62% done
Time: 91.99 s
000460228_2
42.73% done
Time: 92.25 s
000460295
42.83% done
Time: 92.47 s
000460302
42.93% done
Time: 92.62 s
000460316
43.03% done
Time: 92.76 s
000460316_2
43.13% done
Time: 92.88 s
000460402
43.23% done
Time: 93.09 s
000460419
43.34% done
Time: 93.36 s
000460481
43.44% done
Time: 93.52 s
000470012
43.54% done
Time: 93.70 s
000470071
43.64% done
Time: 93.95 s
000470079
43.74% done
Time: 94.10 s
000470179
43.85% done
Time: 94.28 s
000470189
43.95% done
Time: 94.43 s
000470234
44.05% done
Time: 94.61 s
000470330
44.15% done
Time: 94.70 s
000470349
44.25% done
Time: 94.75 s
000470384
44.35% done
Time: 95.19 s
000470426
44.46% done
Time: 95.34 s
000470481
44.56% done
Time: 95.42 s
000470490
44.66% done
Time: 95.62 s
000470497
44.76% done
Time: 95.99 s
000490016
44.86% done
Time: 96.23 s
000490065
44.96% done
Time: 96.40 s
000490126
45.07% done
Time: 96.61 s
000490274
45.17% done
Time: 96.75 s
000490307
45.27% done
Time: 97.04 s
000490330
45.37% done
Time: 97.12 s
000490466
45.47% done
Time: 97.32 s
000500008
45.57% done
Time: 97.60 s
000500114
45.68% done
Time: 97.79 s
000500154
45.78% done
Time: 97.88 s
000500209
45.88% done
Time: 98.00 s
000500218
45.98% done
Time: 98.24 s
000500230
46.08% done
Time: 98.30 s
000500262
46.19% done
Time: 98.48 s
000500321
46.29% done
Time: 98.80 s
000500356
46.39% done
Time: 99.10 s
000500357
46.49% done
Time: 99.24 s
000500370
46.59% done
Time: 99.59 s
000500370_2
46.69% done
Time: 99.76 s
000500372
46.80% done
Time: 99.87 s
000500390
46.90% done
Time: 100.04 s
000500445
47.00% done
Time: 100.65 s
000500451
47.10% done
Time: 100.80 s
000500453
47.20% done
Time: 101.15 s
000500468
47.30% done
Time: 101.27 s
000500470
47.41% done
Time: 101.47 s
000510046
47.51% done
Time: 101.93 s
000510046_2
47.61% done
Time: 102.06 s
000510093
47.71% done
Time: 102.21 s
000510119
47.81% done
Time: 102.56 s
000510121
47.91% done
Time: 102.79 s
000510133
48.02% done
Time: 102.91 s
000510153
48.12% done
Time: 103.02 s
000510161
48.22% done
Time: 103.13 s
000510182
48.32% done
Time: 103.28 s
000510186
48.42% done
Time: 103.70 s
000510190
48.52% done
Time: 103.97 s
000510221
48.63% done
Time: 104.18 s
000510221_2
48.73% done
Time: 104.50 s
000510235
48.83% done
Time: 104.65 s
000510235_2
48.93% done
Time: 104.79 s
000510298
49.03% done
Time: 105.05 s
000510339
49.14% done
Time: 105.34 s
000510358
49.24% done
Time: 105.75 s
000510398
49.34% done
Time: 106.11 s
000510466
49.44% done
Time: 106.47 s
000520096
49.54% done
Time: 106.67 s
000520164
49.64% done
Time: 106.91 s
000520185
49.75% done
Time: 107.03 s
000520188
49.85% done
Time: 107.33 s
000520205
49.95% done
Time: 107.57 s
000520286
50.05% done
Time: 107.85 s
000520355
50.15% done
Time: 108.00 s
000520364
50.25% done
Time: 108.22 s
000520365
50.36% done
Time: 108.50 s
000520392
50.46% done
Time: 108.69 s
000520398
50.56% done
Time: 108.84 s
000520464
50.66% done
Time: 109.24 s
000520475
50.76% done
Time: 109.42 s
000520475_2
50.86% done
Time: 109.57 s
000530097
50.97% done
Time: 109.68 s
000530102
51.07% done
Time: 109.77 s
000530148
51.17% done
Time: 109.85 s
000530176
51.27% done
Time: 109.96 s
000530217
51.37% done
Time: 109.99 s
000530220
51.48% done
Time: 110.13 s
000530231
51.58% done
Time: 110.36 s
000530284
51.68% done
Time: 110.50 s
000530294
51.78% done
Time: 110.73 s
000530384
51.88% done
Time: 110.78 s
000540020
51.98% done
Time: 111.10 s
000540029
52.09% done
Time: 111.42 s
000540096
52.19% done
Time: 111.58 s
000540103
52.29% done
Time: 111.87 s
000540109
52.39% done
Time: 112.05 s
000540120
52.49% done
Time: 112.34 s
000540139
52.59% done
Time: 112.72 s
000540193
52.70% done
Time: 112.81 s
000540197
52.80% done
Time: 112.95 s
000540199
52.90% done
Time: 113.12 s
000540216
53.00% done
Time: 113.26 s
000540225
53.10% done
Time: 113.46 s
000540249
53.20% done
Time: 113.65 s
000540257
53.31% done
Time: 113.94 s
000540318
53.41% done
Time: 114.14 s
000540357
53.51% done
Time: 114.29 s
000540363
53.61% done
Time: 114.61 s
000540428
53.71% done
Time: 114.95 s
000550022
53.81% done
Time: 115.30 s
000550032
53.92% done
Time: 115.42 s
000550038
54.02% done
Time: 115.63 s
000550068
54.12% done
Time: 115.77 s
000550069
54.22% done
Time: 115.82 s
000550095
54.32% done
Time: 115.96 s
000550095_2
54.43% done
Time: 116.24 s
000550185
54.53% done
Time: 116.46 s
000550227
54.63% done
Time: 116.61 s
000550289
54.73% done
Time: 116.86 s
000550335
54.83% done
Time: 117.03 s
000550358
54.93% done
Time: 117.30 s
000550393
55.04% done
Time: 117.56 s
000550417
55.14% done
Time: 117.80 s
000550474
55.24% done
Time: 118.12 s
000560016
55.34% done
Time: 118.23 s
000560042
55.44% done
Time: 118.28 s
000560089
55.54% done
Time: 118.42 s
000560097
55.65% done
Time: 118.68 s
000560125
55.75% done
Time: 118.97 s
000560141
55.85% done
Time: 119.15 s
000560265
55.95% done
Time: 119.32 s
000560293
56.05% done
Time: 119.58 s
000560408
56.15% done
Time: 119.84 s
000560410
56.26% done
Time: 120.28 s
000560472
56.36% done
Time: 120.57 s
000870081
56.46% done
Time: 120.59 s
000870083
56.56% done
Time: 120.84 s
000870164
56.66% done
Time: 120.96 s
000870219
56.77% done
Time: 121.13 s
000870231
56.87% done
Time: 121.40 s
000870233
56.97% done
Time: 121.59 s
000870243
57.07% done
Time: 121.90 s
000870246
57.17% done
Time: 122.18 s
000870271
57.27% done
Time: 122.34 s
000870339
57.38% done
Time: 122.78 s
000870345
57.48% done
Time: 123.02 s
000870363
57.58% done
Time: 123.07 s
000870391
57.68% done
Time: 123.27 s
000870433
57.78% done
Time: 123.52 s
000870456
57.88% done
Time: 123.78 s
000870461
57.99% done
Time: 123.80 s
000880105
58.09% done
Time: 123.96 s
000880146
58.19% done
Time: 124.13 s
000880153
58.29% done
Time: 124.19 s
000880155
58.39% done
Time: 124.38 s
000880175
58.49% done
Time: 124.44 s
000880188
58.60% done
Time: 124.47 s
000880204
58.70% done
Time: 124.75 s
000880226
58.80% done
Time: 124.90 s
000880255
58.90% done
Time: 125.06 s
000880263
59.00% done
Time: 125.32 s
000880289
59.10% done
Time: 125.43 s
000880323
59.21% done
Time: 125.95 s
000880385
59.31% done
Time: 126.27 s
000880418
59.41% done
Time: 126.47 s
000880450
59.51% done
Time: 126.71 s
000880452
59.61% done
Time: 126.91 s
000880452_2
59.72% done
Time: 127.45 s
000880494
59.82% done
Time: 127.75 s
000890057
59.92% done
Time: 128.19 s
000890106
60.02% done
Time: 128.40 s
000890159
60.12% done
Time: 128.45 s
000890278
60.22% done
Time: 128.49 s
000890341
60.33% done
Time: 129.13 s
000890364
60.43% done
Time: 129.40 s
000890364_2
60.53% done
Time: 129.85 s
000890407
60.63% done
Time: 130.17 s
000890445
60.73% done
Time: 130.40 s
001170315
60.83% done
Time: 130.55 s
001170405
60.94% done
Time: 130.78 s
001170458
61.04% done
Time: 130.96 s
001170470
61.14% done
Time: 131.11 s
001190357
61.24% done
Time: 131.31 s
001200203
61.34% done
Time: 131.43 s
001200230
61.44% done
Time: 131.63 s
001200237
61.55% done
Time: 131.84 s
001200307
61.65% done
Time: 132.05 s
001200373
61.75% done
Time: 132.10 s
001200432
61.85% done
Time: 132.55 s
001200459
61.95% done
Time: 132.87 s
001200473
62.05% done
Time: 133.20 s
001200492
62.16% done
Time: 133.44 s
001200492_2
62.26% done
Time: 133.62 s
001210001
62.36% done
Time: 133.88 s
001210071
62.46% done
Time: 134.05 s
001210130
62.56% done
Time: 134.27 s
001210259
62.67% done
Time: 134.38 s
001210259_2
62.77% done
Time: 134.49 s
001210264
62.87% done
Time: 134.67 s
001210323
62.97% done
Time: 134.84 s
001210358
63.07% done
Time: 135.14 s
001220038
63.17% done
Time: 135.40 s
001220042
63.28% done
Time: 135.66 s
001220255
63.38% done
Time: 135.74 s
001220258
63.48% done
Time: 135.85 s
001220334
63.58% done
Time: 135.94 s
001220369
63.68% done
Time: 136.17 s
001220374
63.78% done
Time: 136.41 s
001220485
63.89% done
Time: 136.67 s
001230051
63.99% done
Time: 136.84 s
001230066
64.09% done
Time: 136.93 s
001230069
64.19% done
Time: 137.10 s
001230125
64.29% done
Time: 137.27 s
001230128
64.39% done
Time: 137.68 s
001230128_2
64.50% done
Time: 137.83 s
001230223
64.60% done
Time: 138.15 s
001230224
64.70% done
Time: 138.33 s
001230242
64.80% done
Time: 138.53 s
001230255
64.90% done
Time: 138.76 s
001230319
65.01% done
Time: 139.02 s
001230321
65.11% done
Time: 139.17 s
001230323
65.21% done
Time: 139.34 s
001230361
65.31% done
Time: 139.45 s
001230457
65.41% done
Time: 139.60 s
001230471
65.51% done
Time: 139.74 s
001240182
65.62% done
Time: 139.86 s
001240188
65.72% done
Time: 140.01 s
001240246
65.82% done
Time: 140.18 s
001240351
65.92% done
Time: 140.62 s
001250126
66.02% done
Time: 140.91 s
001250191
66.12% done
Time: 141.06 s
001250207
66.23% done
Time: 141.21 s
001250250
66.33% done
Time: 141.30 s
001250264
66.43% done
Time: 141.35 s
001250344
66.53% done
Time: 141.75 s
001250351
66.63% done
Time: 142.09 s
001250440
66.73% done
Time: 142.24 s
001250450
66.84% done
Time: 142.52 s
001270004
66.94% done
Time: 142.61 s
001270233
67.04% done
Time: 142.76 s
001270269
67.14% done
Time: 142.87 s
001270324
67.24% done
Time: 142.96 s
001270400
67.34% done
Time: 143.04 s
001270429
67.45% done
Time: 143.33 s
001270467
67.55% done
Time: 143.56 s
001270486
67.65% done
Time: 143.79 s
001280010
67.75% done
Time: 143.99 s
001280034
67.85% done
Time: 144.14 s
001280154
67.96% done
Time: 144.31 s
001280463
68.06% done
Time: 144.48 s
001280491
68.16% done
Time: 144.56 s
001290015
68.26% done
Time: 144.73 s
001290026
68.36% done
Time: 144.94 s
001290092
68.46% done
Time: 145.23 s
001290110
68.57% done
Time: 145.49 s
001290226
68.67% done
Time: 145.93 s
001290261
68.77% done
Time: 146.21 s
001290309
68.87% done
Time: 146.53 s
001290367
68.97% done
Time: 146.85 s
001290427
69.07% done
Time: 147.00 s
001290442
69.18% done
Time: 147.20 s
001290452
69.28% done
Time: 147.39 s
001300090
69.38% done
Time: 147.53 s
001300142
69.48% done
Time: 147.73 s
001300213
69.58% done
Time: 148.07 s
001300290
69.68% done
Time: 148.33 s
001300313
69.79% done
Time: 148.53 s
001320034
69.89% done
Time: 148.76 s
001320055
69.99% done
Time: 148.85 s
001320187
70.09% done
Time: 149.04 s
001320292
70.19% done
Time: 149.54 s
001320295
70.30% done
Time: 149.69 s
001360032
70.40% done
Time: 149.89 s
001360033
70.50% done
Time: 150.04 s
001360121
70.60% done
Time: 150.23 s
001360143
70.70% done
Time: 150.35 s
001360183
70.80% done
Time: 150.57 s
001360211
70.91% done
Time: 150.95 s
001360268
71.01% done
Time: 151.07 s
001360271
71.11% done
Time: 151.48 s
001360313
71.21% done
Time: 151.63 s
001360345
71.31% done
Time: 151.95 s
001360471
71.41% done
Time: 152.09 s
001370087
71.52% done
Time: 152.30 s
001370099
71.62% done
Time: 152.56 s
001370241
71.72% done
Time: 152.88 s
001370380
71.82% done
Time: 153.05 s
001370390
71.92% done
Time: 153.54 s
001370449
72.02% done
Time: 153.75 s
001380173
72.13% done
Time: 153.92 s
001380247
72.23% done
Time: 154.11 s
001380350
72.33% done
Time: 154.26 s
001380411
72.43% done
Time: 154.46 s
001380470
72.53% done
Time: 154.80 s
001380473
72.63% done
Time: 155.00 s
001400157
72.74% done
Time: 155.19 s
001400157_2
72.84% done
Time: 155.52 s
001400187
72.94% done
Time: 155.66 s
001400328
73.04% done
Time: 155.80 s
001410120
73.14% done
Time: 156.03 s
001410240
73.25% done
Time: 156.17 s
001410269
73.35% done
Time: 156.34 s
001410276
73.45% done
Time: 156.86 s
001420015
73.55% done
Time: 156.92 s
001420243
73.65% done
Time: 157.03 s
001420249
73.75% done
Time: 157.31 s
001450096
73.86% done
Time: 157.58 s
001450250
73.96% done
Time: 157.63 s
001450493
74.06% done
Time: 158.01 s
001460165
74.16% done
Time: 158.21 s
001460214
74.26% done
Time: 158.50 s
001460293
74.36% done
Time: 158.66 s
001460357
74.47% done
Time: 159.23 s
001460359
74.57% done
Time: 159.55 s
001460419
74.67% done
Time: 159.81 s
001500024
74.77% done
Time: 160.12 s
001500085
74.87% done
Time: 160.24 s
001500125
74.97% done
Time: 160.38 s
001500256
75.08% done
Time: 160.57 s
001500386
75.18% done
Time: 160.77 s
001520113
75.28% done
Time: 160.94 s
001520118
75.38% done
Time: 161.04 s
001520148
75.48% done
Time: 161.14 s
001520185
75.58% done
Time: 161.31 s
001520217
75.69% done
Time: 161.42 s
001520235
75.79% done
Time: 161.63 s
001520428
75.89% done
Time: 161.78 s
001520430
75.99% done
Time: 161.87 s
001520462
76.09% done
Time: 162.13 s
001520468
76.20% done
Time: 162.42 s
001520488
76.30% done
Time: 162.78 s
001520490
76.40% done
Time: 162.95 s
001530157
76.50% done
Time: 163.06 s
001530181
76.60% done
Time: 163.39 s
001530220
76.70% done
Time: 163.47 s
001530258
76.81% done
Time: 163.49 s
001530267
76.91% done
Time: 163.96 s
001530290
77.01% done
Time: 164.14 s
001530324
77.11% done
Time: 164.54 s
001530341
77.21% done
Time: 164.75 s
001530358
77.31% done
Time: 165.25 s
001530411
77.42% done
Time: 165.39 s
001530465
77.52% done
Time: 165.54 s
001530500
77.62% done
Time: 165.68 s
001540021
77.72% done
Time: 166.04 s
001540159
77.82% done
Time: 166.21 s
001540192
77.92% done
Time: 166.39 s
001540196
78.03% done
Time: 166.59 s
001540211
78.13% done
Time: 166.74 s
001540223
78.23% done
Time: 166.97 s
001540226
78.33% done
Time: 167.20 s
001540226_2
78.43% done
Time: 167.47 s
001540273
78.54% done
Time: 167.65 s
001540275
78.64% done
Time: 167.85 s
001540288
78.74% done
Time: 168.11 s
001540356
78.84% done
Time: 168.25 s
001540397
78.94% done
Time: 168.45 s
001560126
79.04% done
Time: 168.65 s
001560187
79.15% done
Time: 168.86 s
001560394
79.25% done
Time: 169.06 s
001560481
79.35% done
Time: 169.35 s
001560489
79.45% done
Time: 169.68 s
001560495
79.55% done
Time: 169.97 s
001570030
79.65% done
Time: 170.17 s
001570241
79.76% done
Time: 170.29 s
001570310
79.86% done
Time: 170.66 s
001570319
79.96% done
Time: 170.93 s
001570500
80.06% done
Time: 171.38 s
001600166
80.16% done
Time: 171.49 s
001600177
80.26% done
Time: 171.78 s
001600278
80.37% done
Time: 171.87 s
001600403
80.47% done
Time: 171.92 s
001600468
80.57% done
Time: 172.11 s
001600480
80.67% done
Time: 172.40 s
001600499
80.77% done
Time: 172.64 s
001610051
80.87% done
Time: 172.79 s
001610093
80.98% done
Time: 172.85 s
001610117
81.08% done
Time: 173.00 s
001610124
81.18% done
Time: 173.12 s
001610233
81.28% done
Time: 173.24 s
001620053
81.38% done
Time: 173.29 s
001620265
81.49% done
Time: 173.58 s
001620485
81.59% done
Time: 173.81 s
001620494
81.69% done
Time: 174.16 s
001630314
81.79% done
Time: 174.38 s
001630314_2
81.89% done
Time: 174.68 s
001630364
81.99% done
Time: 174.79 s
001640021
82.10% done
Time: 174.96 s
001640081
82.20% done
Time: 175.04 s
001640234
82.30% done
Time: 175.39 s
001640302
82.40% done
Time: 175.74 s
001700162
82.50% done
Time: 175.85 s
001720220
82.60% done
Time: 176.23 s
001720273
82.71% done
Time: 176.40 s
001730066
82.81% done
Time: 176.49 s
001730074
82.91% done
Time: 176.63 s
001730273
83.01% done
Time: 176.88 s
001730304
83.11% done
Time: 177.12 s
001730419
83.21% done
Time: 177.71 s
001730498
83.32% done
Time: 177.90 s
001740235
83.42% done
Time: 178.04 s
001740324
83.52% done
Time: 178.27 s
001740409
83.62% done
Time: 178.53 s
001740443
83.72% done
Time: 178.67 s
001740476
83.83% done
Time: 178.93 s
001750376
83.93% done
Time: 179.22 s
001750446
84.03% done
Time: 179.36 s
001750469
84.13% done
Time: 179.73 s
001770049
84.23% done
Time: 179.76 s
001770148
84.33% done
Time: 179.99 s
001780093
84.44% done
Time: 180.14 s
001780106
84.54% done
Time: 180.31 s
001780144
84.64% done
Time: 180.57 s
001780328
84.74% done
Time: 180.68 s
001790217
84.84% done
Time: 180.77 s
001790242
84.94% done
Time: 180.83 s
001790307
85.05% done
Time: 181.13 s
001790341
85.15% done
Time: 181.26 s
001920100
85.25% done
Time: 181.66 s
001920160
85.35% done
Time: 181.71 s
001920163
85.45% done
Time: 181.96 s
001920177
85.55% done
Time: 182.11 s
001920385
85.66% done
Time: 182.20 s
001940037
85.76% done
Time: 182.41 s
001940226
85.86% done
Time: 182.59 s
001940339
85.96% done
Time: 182.86 s
001940493
86.06% done
Time: 182.92 s
001960087
86.16% done
Time: 183.04 s
001980149
86.27% done
Time: 183.12 s
001980196
86.37% done
Time: 183.26 s
001980400
86.47% done
Time: 183.31 s
001990159
86.57% done
Time: 183.59 s
002010078
86.67% done
Time: 183.79 s
002010114
86.78% done
Time: 184.04 s
002010122
86.88% done
Time: 184.36 s
002030197
86.98% done
Time: 184.53 s
002030319
87.08% done
Time: 184.82 s
002030447
87.18% done
Time: 184.83 s
002030467
87.28% done
Time: 185.06 s
002040013
87.39% done
Time: 185.40 s
002040464
87.49% done
Time: 185.58 s
002090217
87.59% done
Time: 185.81 s
002090407
87.69% done
Time: 186.01 s
002180059
87.79% done
Time: 186.24 s
002180235
87.89% done
Time: 186.44 s
002190033
88.00% done
Time: 186.56 s
002190078
88.10% done
Time: 186.61 s
002190374
88.20% done
Time: 186.82 s
002210146
88.30% done
Time: 186.94 s
002210236
88.40% done
Time: 187.06 s
002210279
88.50% done
Time: 187.30 s
002210283
88.61% done
Time: 187.44 s
002210436
88.71% done
Time: 187.67 s
002210458
88.81% done
Time: 187.72 s
002240086
88.91% done
Time: 187.77 s
002250412
89.01% done
Time: 187.82 s
002300117
89.11% done
Time: 187.96 s
002300364
89.22% done
Time: 188.20 s
002310398
89.32% done
Time: 188.42 s
002310412
89.42% done
Time: 188.65 s
002350311
89.52% done
Time: 188.85 s
002350334
89.62% done
Time: 189.03 s
TA0321-TA0323_2-B.022
89.73% done
Time: 189.16 s
TA0323-TA0324_2-A.035
89.83% done
Time: 189.45 s
TA0323-TA0324_2-A.093
89.93% done
Time: 189.59 s
TA0325-TA0326_1-B.366
90.03% done
Time: 189.66 s
TA0326-TA0328_1-A.233
90.13% done
Time: 189.80 s
TA0326-TA0328_1-A.254
90.23% done
Time: 189.94 s
TA0326-TA0328_2-A.088
90.34% done
Time: 190.11 s
TA0326-TA0328_2-A.202
90.44% done
Time: 190.20 s
TA0326-TA0328_2-A.257
90.54% done
Time: 190.35 s
TA0326-TA0328_2-A.317
90.64% done
Time: 190.47 s
TA0327-TA0328_2-A.030
90.74% done
Time: 190.58 s
TA0329-TA0330_1-A.020
90.84% done
Time: 190.71 s
TA0329-TA0331_1-B.371
90.95% done
Time: 190.77 s
TA0333-TA0335_1-B.092
91.05% done
Time: 190.98 s
TA0337-TA0338_2-B.094
91.15% done
Time: 191.20 s
TA0341-TA0343_1-B.377
91.25% done
Time: 191.23 s
TA0343-TA0344_1-B.050
91.35% done
Time: 191.41 s
TA0347-TA0348_1-A.150
91.45% done
Time: 191.66 s
TA0353-TA0354_2-B.059
91.56% done
Time: 191.75 s
TA0353-TA0355_2-A.252
91.66% done
Time: 191.99 s
TA0358-TA0360_1-A.078
91.76% done
Time: 192.24 s
TA0359-TA0360_2-A.031
91.86% done
Time: 192.42 s
TA0361-TA0363_2-B.150
91.96% done
Time: 192.57 s
TA0363-TA0364_2-A.104
92.07% done
Time: 192.60 s
TA0363-TA0364_2-A.251
92.17% done
Time: 192.70 s
TA0363-TA0364_2-A.277
92.27% done
Time: 192.79 s
TA0363-TA0364_2-B.298
92.37% done
Time: 192.91 s
TA0370-TA0372_2-B.072
92.47% done
Time: 193.11 s
TA0371-TA0372_1-B.213
92.57% done
Time: 193.19 s
TA0371-TA0372_2-B.013
92.68% done
Time: 193.28 s
TA0374-TA0376_2-B.143
92.78% done
Time: 193.51 s
TA0375-TA0376_2-B.146
92.88% done
Time: 193.68 s
TA0389-TA0390_2-B.085
92.98% done
Time: 193.82 s
TA0393-TA0395_1-A.223
93.08% done
Time: 193.93 s
TA0393-TA0395_1-B.013
93.18% done
Time: 193.96 s
TA0394-TA0396_2-B.243
93.29% done
Time: 194.08 s
TA0395-TA0396_1-A.249
93.39% done
Time: 194.24 s
TA0398-TA0400_1-A.133
93.49% done
Time: 194.41 s
TA0406-TA0408_2-A.222
93.59% done
Time: 194.50 s
TA0410-TA0412_1-A.337
93.69% done
Time: 194.68 s
TA0410-TA0412_2-A.099
93.79% done
Time: 194.86 s
TA0411-TA0412_2-B.030
93.90% done
Time: 194.89 s
TA0413-TA0414_1-A.102
94.00% done
Time: 195.15 s
TA0413-TA0414_1-A.191
94.10% done
Time: 195.26 s
TA0413-TA0415_1-A.064
94.20% done
Time: 195.43 s
TA0413-TA0415_2-B.012
94.30% done
Time: 195.57 s
TA0415-TA0416_1-B.133
94.40% done
Time: 195.79 s
TA0417-TA0418_1-B.013
94.51% done
Time: 195.91 s
TA0431-TA0432_2-B.098
94.61% done
Time: 196.05 s
TA0447-TA0448_2-A.041
94.71% done
Time: 196.24 s
TA0451-TA0452_2-B.030
94.81% done
Time: 196.39 s
TA0457-TA0458_2-B.210
94.91% done
Time: 196.56 s
TA0458-TA0460_2-A.134
95.02% done
Time: 196.73 s
TA0459-TA0460_2-A.017
95.12% done
Time: 196.92 s
TA0461-TA0463_2-B.229
95.22% done
Time: 197.04 s
TA0463-TA0464_2-A.058
95.32% done
Time: 197.18 s
TA0466-TA0468_1-B.211
95.42% done
Time: 197.34 s
TA0466-TA0468_2-B.074
95.52% done
Time: 197.43 s
TA0479-TA0480_2-B.040
95.63% done
Time: 197.65 s
TA0481-TA0482_2-B.119
95.73% done
Time: 197.82 s
TA0482-TA0484_2-A.214
95.83% done
Time: 197.99 s
TA0483-TA0484_1-B.005
95.93% done
Time: 198.14 s
TA0489-TA0491_1-B.048
96.03% done
Time: 198.29 s
TA0490-TA0492_2-B.231
96.13% done
Time: 198.46 s
TA0503-TA0504_1-A.065
96.24% done
Time: 198.67 s
TA0505-TA0506_2-B.241
96.34% done
Time: 198.98 s
TA0511-TA0512_2-A.006
96.44% done
Time: 199.19 s
TA0517-TA0519_2-B.402
96.54% done
Time: 199.37 s
TA0521-TA0523_2-A.207
96.64% done
Time: 199.55 s
TA0523-TA0524_2-A.097
96.74% done
Time: 199.95 s
TA0538-TA0540_1-A.075
96.85% done
Time: 200.07 s
TA0549-TA0551_2-B.139
96.95% done
Time: 200.22 s
TA0549-TA0551_2-B.240
97.05% done
Time: 200.56 s
TA0551-TA0552_2-A.023
97.15% done
Time: 200.74 s
TA0553-TA0555_2-B.059
97.25% done
Time: 200.84 s
TA0554-TA0556_1-B.015
97.36% done
Time: 201.08 s
TA0554-TA0556_1-B.121
97.46% done
Time: 201.23 s
TA0554-TA0556_2-B.217
97.56% done
Time: 201.47 s
TA0555-TA0556_2-B.178
97.66% done
Time: 201.62 s
TA0574-TA0576_1-A.094
97.76% done
Time: 201.80 s
TA0574-TA0576_1-A.119
97.86% done
Time: 202.05 s
TA0583-TA0584_2-A.396
97.97% done
Time: 202.26 s
TA0585-TA0587_2-B.139
98.07% done
Time: 202.47 s
TA0585-TA0587_2-B.158
98.17% done
Time: 202.65 s
TA0585-TA0587_2-B.254
98.27% done
Time: 202.89 s
TA0597-TA0598_1-A.065
98.37% done
Time: 202.98 s
TA0605-TA0607_2-A.159
98.47% done
Time: 203.13 s
TA0614-TA0616_1-B.210
98.58% done
Time: 203.37 s
TA0614-TA0616_2-A.262
98.68% done
Time: 203.68 s
TA0633-TA0634_1-A.049
98.78% done
Time: 203.89 s
TA0633-TA0634_1-A.073
98.88% done
Time: 204.10 s
TA0633-TA0635_1-B.283
98.98% done
Time: 204.31 s
TA0639-TA0640_2-A.276
99.08% done
Time: 204.34 s
TA0643-TA0644_2-A.343
99.19% done
Time: 204.42 s
TA0650-TA0652_1-A.020
99.29% done
Time: 204.43 s
TA0657-TA0659_1-A.131
99.39% done
Time: 204.58 s
TA0678-TA0680_2-B.078
99.49% done
Time: 204.73 s
TA0681-TA0682_1-A.084
99.59% done
Time: 204.79 s
TA0689-TA0691_1-A.041
99.69% done
Time: 205.09 s
TA0721-TA0723_2-A.400
99.80% done
Time: 205.24 s
TA0766-TA0768_2-A.121
99.90% done
Time: 205.54 s
TA0775-TA0776_2-B.010
100.00% done
Time: 205.66 s
TIME TO EXTRACT EMBEDDINGS: 205.67 s
