4
Loading python/3.10.8-gpu
  Loading requirement: nvidia/nvhpc-nompi/22.2 gcc/10.2.0
    openmpi/4.1.6-cuda-11.6
Loading pytorch/1.13.1-gpu
  Loading requirement: nvidia/cudnn/8.6.0-cuda-11.6 nvidia/tensorrt/8.4.3.1-u2
    libsndfile/1.0.28

Loading model from data/tamil/models/awe/9/half_lr_1e-5_tmp_0.07_3_9/2024-07-20_01:21:37_checkpoint_epoch_0.pt

Extracting AWE embeddings for documents in data/banjara/embeddings/documents/9/raw
Saving embeddings to data/banjara/embeddings/documents/9/half_lr_1e-5_tmp_0.07_epoch_0_3_9
For layer 9 using model data/tamil/models/awe/9/half_lr_1e-5_tmp_0.07_3_9/2024-07-20_01:21:37_checkpoint_epoch_0.pt, batched_inference: True
use window splitter: True
/work/y07/shared/cirrus-software/pytorch/1.13.1-gpu/python/3.10.8/lib/python3.10/site-packages/torch/nn/modules/conv.py:459: UserWarning: Using padding='same' with even kernel lengths and odd dilation may require a zero-padded copy of the input be created (Triggered internally at ../aten/src/ATen/native/Convolution.cpp:895.)
  return F.conv2d(input, weight, bias, self.stride,
1.75% done
Time: 0.94 s
3.51% done
Time: 1.12 s
5.26% done
Time: 1.23 s
7.02% done
Time: 1.34 s
8.77% done
Time: 1.63 s
10.53% done
Time: 1.93 s
12.28% done
Time: 2.34 s
14.04% done
Time: 2.65 s
15.79% done
Time: 2.75 s
17.54% done
Time: 2.83 s
19.30% done
Time: 2.93 s
21.05% done
Time: 3.06 s
22.81% done
Time: 3.48 s
24.56% done
Time: 3.60 s
26.32% done
Time: 3.69 s
28.07% done
Time: 3.87 s
29.82% done
Time: 4.24 s
31.58% done
Time: 4.32 s
33.33% done
Time: 4.73 s
35.09% done
Time: 4.83 s
36.84% done
Time: 4.90 s
38.60% done
Time: 4.98 s
40.35% done
Time: 5.25 s
42.11% done
Time: 5.38 s
43.86% done
Time: 5.76 s
45.61% done
Time: 6.36 s
47.37% done
Time: 6.70 s
49.12% done
Time: 6.79 s
50.88% done
Time: 6.88 s
52.63% done
Time: 7.18 s
54.39% done
Time: 7.26 s
56.14% done
Time: 7.66 s
57.89% done
Time: 7.74 s
59.65% done
Time: 8.16 s
61.40% done
Time: 8.26 s
63.16% done
Time: 8.51 s
64.91% done
Time: 8.60 s
66.67% done
Time: 8.67 s
68.42% done
Time: 9.06 s
70.18% done
Time: 9.16 s
71.93% done
Time: 9.25 s
73.68% done
Time: 9.34 s
75.44% done
Time: 9.60 s
77.19% done
Time: 9.79 s
78.95% done
Time: 9.87 s
80.70% done
Time: 10.07 s
82.46% done
Time: 10.16 s
84.21% done
Time: 10.89 s
85.96% done
Time: 11.01 s
87.72% done
Time: 11.13 s
89.47% done
Time: 11.19 s
91.23% done
Time: 11.26 s
92.98% done
Time: 11.37 s
94.74% done
Time: 11.46 s
96.49% done
Time: 11.78 s
98.25% done
Time: 12.19 s
100.00% done
Time: 12.30 s
