Loading python/3.10.8-gpu
  Loading requirement: nvidia/nvhpc-nompi/22.2 gcc/10.2.0
    openmpi/4.1.6-cuda-11.6
Loading pytorch/1.13.1-gpu
  Loading requirement: nvidia/cudnn/8.6.0-cuda-11.6 nvidia/tensorrt/8.4.3.1-u2
    libsndfile/1.0.28
Training embeddings directory: data/tamil/embeddings/training_data/9/raw
Validation embeddings file: data/tamil/embeddings/validation_data/9/phonetized_3_9/all_embeddings_phonetized.pkl
START TIME: 2024-07-20_16:30:46
Training model for tamil with inputs from mHuBERT layer 9
Number of epochs: 3, patience: 2, learning rate: 0.0001
clip norm: 20, temperature: 0.07, num pairs per batch: 700
time limit to create dataset: 240
temperature: 0.07
min phone seq length: 3, max phone seq length: 9
perturb sequences: False, max one sided perturb amount: 0.1

Loading embedded data from directory: data/tamil/embeddings/training_data/9/raw
Loaded embedded data from data/tamil/embeddings/training_data/9/raw
Time taken: 100.39 s
Dataset generation time limit reached: 240 s.
Number of classes remaining: 47.
Created paired data
Loading embedded data from file: data/tamil/embeddings/validation_data/9/phonetized_3_9/all_embeddings_phonetized.pkl
Loaded embedded data from data/tamil/embeddings/validation_data/9/phonetized_3_9/all_embeddings_phonetized.pkl
Time taken: 19.25 s
Created paired data
Time taken to create datasets: 395.27 s
num pairs per batch: 73.0
/work/y07/shared/cirrus-software/pytorch/1.13.1-gpu/python/3.10.8/lib/python3.10/site-packages/torch/nn/modules/conv.py:459: UserWarning: Using padding='same' with even kernel lengths and odd dilation may require a zero-padded copy of the input be created (Triggered internally at ../aten/src/ATen/native/Convolution.cpp:895.)
  return F.conv2d(input, weight, bias, self.stride,
Epoch 0: 0.00% done
Loss: 54.01904484997057
Time: 12.76 s
num pairs per batch: 116.0
num pairs per batch: 81.0
num pairs per batch: 72.0
num pairs per batch: 83.0
num pairs per batch: 79.0
num pairs per batch: 49.0
num pairs per batch: 90.0
num pairs per batch: 81.0
num pairs per batch: 138.0
num pairs per batch: 133.0
num pairs per batch: 78.0
num pairs per batch: 65.0
num pairs per batch: 49.0
num pairs per batch: 73.0
num pairs per batch: 78.0
num pairs per batch: 67.0
num pairs per batch: 67.0
num pairs per batch: 61.0
num pairs per batch: 72.0
num pairs per batch: 98.0
num pairs per batch: 92.0
num pairs per batch: 71.0
num pairs per batch: 79.0
num pairs per batch: 67.0
num pairs per batch: 149.0
num pairs per batch: 208.0
num pairs per batch: 90.0
num pairs per batch: 90.0
num pairs per batch: 95.0
num pairs per batch: 66.0
num pairs per batch: 91.0
num pairs per batch: 150.0
num pairs per batch: 130.0
num pairs per batch: 89.0
num pairs per batch: 151.0
num pairs per batch: 90.0
num pairs per batch: 116.0
num pairs per batch: 81.0
num pairs per batch: 116.0
num pairs per batch: 81.0
num pairs per batch: 173.0
num pairs per batch: 82.0
num pairs per batch: 138.0
num pairs per batch: 50.0
num pairs per batch: 186.0
num pairs per batch: 138.0
num pairs per batch: 150.0
num pairs per batch: 146.0
num pairs per batch: 86.0
num pairs per batch: 66.0
num pairs per batch: 525.0
num pairs per batch: 83.0
num pairs per batch: 97.0
num pairs per batch: 700.0
num pairs per batch: 180.0
num pairs per batch: 72.0
num pairs per batch: 90.0
num pairs per batch: 146.0
num pairs per batch: 71.0
num pairs per batch: 124.0
num pairs per batch: 700.0
num pairs per batch: 182.0
num pairs per batch: 99.0
num pairs per batch: 93.0
num pairs per batch: 81.0
num pairs per batch: 79.0
num pairs per batch: 116.0
num pairs per batch: 50.0
num pairs per batch: 133.0
num pairs per batch: 93.0
num pairs per batch: 152.0
num pairs per batch: 700.0
num pairs per batch: 79.0
num pairs per batch: 79.0
num pairs per batch: 67.0
num pairs per batch: 73.0
num pairs per batch: 90.0
num pairs per batch: 79.0
num pairs per batch: 72.0
num pairs per batch: 72.0
num pairs per batch: 66.0
num pairs per batch: 136.0
num pairs per batch: 52.0
num pairs per batch: 67.0
num pairs per batch: 700.0
num pairs per batch: 122.0
num pairs per batch: 54.0
num pairs per batch: 149.0
num pairs per batch: 89.0
num pairs per batch: 133.0
num pairs per batch: 124.0
num pairs per batch: 100.0
num pairs per batch: 73.0
num pairs per batch: 103.0
num pairs per batch: 71.0
num pairs per batch: 629.0
num pairs per batch: 49.0
num pairs per batch: 148.0
num pairs per batch: 92.0
num pairs per batch: 417.0
num pairs per batch: 140.0
num pairs per batch: 127.0
num pairs per batch: 72.0
num pairs per batch: 67.0
num pairs per batch: 99.0
num pairs per batch: 61.0
num pairs per batch: 79.0
num pairs per batch: 150.0
num pairs per batch: 140.0
num pairs per batch: 90.0
num pairs per batch: 133.0
num pairs per batch: 78.0
num pairs per batch: 135.0
num pairs per batch: 116.0
num pairs per batch: 91.0
num pairs per batch: 121.0
num pairs per batch: 146.0
num pairs per batch: 700.0
num pairs per batch: 90.0
num pairs per batch: 72.0
num pairs per batch: 208.0
num pairs per batch: 131.0
num pairs per batch: 72.0
num pairs per batch: 72.0
num pairs per batch: 91.0
num pairs per batch: 198.0
num pairs per batch: 72.0
num pairs per batch: 106.0
num pairs per batch: 700.0
num pairs per batch: 81.0
num pairs per batch: 72.0
num pairs per batch: 99.0
num pairs per batch: 116.0
num pairs per batch: 119.0
num pairs per batch: 92.0
num pairs per batch: 131.0
num pairs per batch: 66.0
num pairs per batch: 198.0
num pairs per batch: 240.0
num pairs per batch: 80.0
num pairs per batch: 700.0
num pairs per batch: 49.0
num pairs per batch: 66.0
num pairs per batch: 73.0
num pairs per batch: 80.0
num pairs per batch: 173.0
num pairs per batch: 78.0
num pairs per batch: 122.0
num pairs per batch: 81.0
num pairs per batch: 73.0
num pairs per batch: 72.0
num pairs per batch: 90.0
num pairs per batch: 133.0
num pairs per batch: 700.0
num pairs per batch: 349.0
num pairs per batch: 54.0
num pairs per batch: 170.0
num pairs per batch: 100.0
num pairs per batch: 116.0
num pairs per batch: 67.0
num pairs per batch: 97.0
num pairs per batch: 133.0
num pairs per batch: 350.0
num pairs per batch: 106.0
num pairs per batch: 99.0
num pairs per batch: 134.0
num pairs per batch: 116.0
num pairs per batch: 417.0
num pairs per batch: 102.0
num pairs per batch: 50.0
num pairs per batch: 99.0
num pairs per batch: 130.0
num pairs per batch: 149.0
num pairs per batch: 251.0
num pairs per batch: 99.0
num pairs per batch: 94.0
num pairs per batch: 52.0
num pairs per batch: 119.0
num pairs per batch: 72.0
num pairs per batch: 93.0
num pairs per batch: 93.0
num pairs per batch: 67.0
num pairs per batch: 101.0
num pairs per batch: 133.0
num pairs per batch: 61.0
num pairs per batch: 150.0
num pairs per batch: 50.0
num pairs per batch: 72.0
num pairs per batch: 185.0
num pairs per batch: 231.0
num pairs per batch: 136.0
num pairs per batch: 97.0
num pairs per batch: 100.0
num pairs per batch: 122.0
num pairs per batch: 182.0
num pairs per batch: 67.0
num pairs per batch: 146.0
num pairs per batch: 67.0
num pairs per batch: 81.0
num pairs per batch: 146.0
num pairs per batch: 67.0
num pairs per batch: 93.0
num pairs per batch: 90.0
num pairs per batch: 127.0
num pairs per batch: 198.0
num pairs per batch: 138.0
num pairs per batch: 80.0
num pairs per batch: 91.0
num pairs per batch: 116.0
num pairs per batch: 47.0
num pairs per batch: 275.0
num pairs per batch: 72.0
num pairs per batch: 65.0
num pairs per batch: 67.0
num pairs per batch: 97.0
num pairs per batch: 91.0
num pairs per batch: 124.0
num pairs per batch: 65.0
num pairs per batch: 133.0
num pairs per batch: 55.0
num pairs per batch: 90.0
num pairs per batch: 700.0
num pairs per batch: 90.0
num pairs per batch: 182.0
num pairs per batch: 67.0
num pairs per batch: 700.0
num pairs per batch: 133.0
num pairs per batch: 72.0
num pairs per batch: 149.0
num pairs per batch: 185.0
num pairs per batch: 90.0
num pairs per batch: 90.0
num pairs per batch: 90.0
num pairs per batch: 100.0
num pairs per batch: 81.0
num pairs per batch: 105.0
num pairs per batch: 94.0
num pairs per batch: 129.0
num pairs per batch: 97.0
num pairs per batch: 100.0
num pairs per batch: 83.0
num pairs per batch: 230.0
num pairs per batch: 48.0
num pairs per batch: 133.0
num pairs per batch: 100.0
num pairs per batch: 116.0
num pairs per batch: 61.0
num pairs per batch: 124.0
num pairs per batch: 133.0
num pairs per batch: 71.0
num pairs per batch: 66.0
num pairs per batch: 91.0
num pairs per batch: 73.0
num pairs per batch: 72.0
num pairs per batch: 92.0
num pairs per batch: 152.0
num pairs per batch: 100.0
num pairs per batch: 72.0
num pairs per batch: 140.0
num pairs per batch: 700.0
num pairs per batch: 127.0
num pairs per batch: 90.0
num pairs per batch: 52.0
num pairs per batch: 220.0
num pairs per batch: 700.0
num pairs per batch: 102.0
num pairs per batch: 48.0
num pairs per batch: 119.0
num pairs per batch: 54.0
num pairs per batch: 231.0
num pairs per batch: 135.0
num pairs per batch: 72.0
num pairs per batch: 86.0
num pairs per batch: 73.0
num pairs per batch: 67.0
num pairs per batch: 137.0
num pairs per batch: 90.0
num pairs per batch: 94.0
num pairs per batch: 133.0
num pairs per batch: 68.0
num pairs per batch: 700.0
num pairs per batch: 220.0
num pairs per batch: 160.0
num pairs per batch: 91.0
num pairs per batch: 115.0
num pairs per batch: 700.0
num pairs per batch: 80.0
num pairs per batch: 146.0
num pairs per batch: 116.0
num pairs per batch: 116.0
num pairs per batch: 65.0
num pairs per batch: 185.0
num pairs per batch: 97.0
num pairs per batch: 133.0
num pairs per batch: 185.0
num pairs per batch: 72.0
num pairs per batch: 68.0
num pairs per batch: 79.0
num pairs per batch: 72.0
num pairs per batch: 101.0
num pairs per batch: 99.0
num pairs per batch: 82.0
num pairs per batch: 81.0
num pairs per batch: 66.0
num pairs per batch: 146.0
num pairs per batch: 231.0
num pairs per batch: 700.0
num pairs per batch: 97.0
num pairs per batch: 96.0
num pairs per batch: 151.0
num pairs per batch: 79.0
num pairs per batch: 67.0
num pairs per batch: 105.0
num pairs per batch: 116.0
num pairs per batch: 103.0
num pairs per batch: 72.0
num pairs per batch: 229.0
num pairs per batch: 81.0
num pairs per batch: 90.0
num pairs per batch: 101.0
num pairs per batch: 78.0
num pairs per batch: 91.0
num pairs per batch: 314.0
num pairs per batch: 223.0
num pairs per batch: 109.0
num pairs per batch: 228.0
num pairs per batch: 72.0
num pairs per batch: 81.0
num pairs per batch: 94.0
num pairs per batch: 49.0
num pairs per batch: 80.0
num pairs per batch: 90.0
num pairs per batch: 81.0
num pairs per batch: 61.0
num pairs per batch: 73.0
num pairs per batch: 486.0
num pairs per batch: 67.0
num pairs per batch: 261.0
num pairs per batch: 98.0
num pairs per batch: 65.0
num pairs per batch: 79.0
num pairs per batch: 48.0
num pairs per batch: 211.0
num pairs per batch: 97.0
num pairs per batch: 61.0
num pairs per batch: 230.0
num pairs per batch: 174.0
num pairs per batch: 83.0
num pairs per batch: 73.0
num pairs per batch: 211.0
num pairs per batch: 52.0
num pairs per batch: 89.0
num pairs per batch: 83.0
num pairs per batch: 90.0
num pairs per batch: 90.0
num pairs per batch: 115.0
num pairs per batch: 274.0
num pairs per batch: 65.0
num pairs per batch: 90.0
num pairs per batch: 116.0
num pairs per batch: 220.0
num pairs per batch: 79.0
num pairs per batch: 395.0
num pairs per batch: 90.0
num pairs per batch: 217.0
num pairs per batch: 122.0
num pairs per batch: 92.0
num pairs per batch: 82.0
num pairs per batch: 100.0
num pairs per batch: 116.0
num pairs per batch: 106.0
num pairs per batch: 116.0
num pairs per batch: 217.0
num pairs per batch: 93.0
num pairs per batch: 261.0
num pairs per batch: 65.0
num pairs per batch: 177.0
num pairs per batch: 73.0
num pairs per batch: 72.0
num pairs per batch: 700.0
num pairs per batch: 71.0
num pairs per batch: 109.0
num pairs per batch: 243.0
num pairs per batch: 140.0
num pairs per batch: 116.0
num pairs per batch: 124.0
num pairs per batch: 337.0
num pairs per batch: 287.0
num pairs per batch: 262.0
num pairs per batch: 72.0
num pairs per batch: 96.0
num pairs per batch: 65.0
num pairs per batch: 72.0
num pairs per batch: 97.0
num pairs per batch: 307.0
num pairs per batch: 90.0
num pairs per batch: 127.0
num pairs per batch: 133.0
num pairs per batch: 700.0
num pairs per batch: 121.0
num pairs per batch: 99.0
num pairs per batch: 91.0
num pairs per batch: 700.0
num pairs per batch: 50.0
num pairs per batch: 93.0
num pairs per batch: 116.0
num pairs per batch: 109.0
num pairs per batch: 130.0
num pairs per batch: 49.0
num pairs per batch: 79.0
num pairs per batch: 116.0
num pairs per batch: 72.0
num pairs per batch: 190.0
num pairs per batch: 72.0
num pairs per batch: 71.0
num pairs per batch: 86.0
num pairs per batch: 700.0
num pairs per batch: 81.0
num pairs per batch: 82.0
num pairs per batch: 79.0
num pairs per batch: 700.0
num pairs per batch: 90.0
num pairs per batch: 91.0
num pairs per batch: 67.0
num pairs per batch: 244.0
num pairs per batch: 92.0
num pairs per batch: 90.0
num pairs per batch: 160.0
num pairs per batch: 91.0
num pairs per batch: 98.0
num pairs per batch: 79.0
num pairs per batch: 50.0
num pairs per batch: 700.0
num pairs per batch: 116.0
num pairs per batch: 173.0
num pairs per batch: 386.0
num pairs per batch: 91.0
num pairs per batch: 102.0
num pairs per batch: 81.0
num pairs per batch: 90.0
num pairs per batch: 116.0
num pairs per batch: 138.0
num pairs per batch: 438.0
num pairs per batch: 153.0
num pairs per batch: 89.0
num pairs per batch: 81.0
num pairs per batch: 99.0
num pairs per batch: 78.0
num pairs per batch: 116.0
num pairs per batch: 489.0
num pairs per batch: 122.0
num pairs per batch: 81.0
num pairs per batch: 97.0
num pairs per batch: 597.0
num pairs per batch: 148.0
num pairs per batch: 700.0
num pairs per batch: 121.0
num pairs per batch: 86.0
num pairs per batch: 94.0
num pairs per batch: 94.0
num pairs per batch: 150.0
num pairs per batch: 116.0
num pairs per batch: 211.0
num pairs per batch: 90.0
num pairs per batch: 700.0
num pairs per batch: 72.0
num pairs per batch: 251.0
num pairs per batch: 231.0
num pairs per batch: 101.0
num pairs per batch: 190.0
num pairs per batch: 240.0
num pairs per batch: 217.0
num pairs per batch: 90.0
num pairs per batch: 90.0
num pairs per batch: 158.0
num pairs per batch: 72.0
num pairs per batch: 89.0
num pairs per batch: 90.0
num pairs per batch: 94.0
num pairs per batch: 100.0
num pairs per batch: 78.0
num pairs per batch: 92.0
num pairs per batch: 116.0
num pairs per batch: 67.0
num pairs per batch: 90.0
num pairs per batch: 700.0
num pairs per batch: 91.0
num pairs per batch: 65.0
num pairs per batch: 90.0
num pairs per batch: 274.0
num pairs per batch: 153.0
num pairs per batch: 306.0
num pairs per batch: 92.0
num pairs per batch: 238.0
num pairs per batch: 49.0
num pairs per batch: 90.0
num pairs per batch: 700.0
num pairs per batch: 90.0
num pairs per batch: 90.0
num pairs per batch: 208.0
num pairs per batch: 66.0
num pairs per batch: 94.0
num pairs per batch: 355.0
num pairs per batch: 116.0
num pairs per batch: 115.0
num pairs per batch: 231.0
num pairs per batch: 72.0
num pairs per batch: 99.0
num pairs per batch: 160.0
num pairs per batch: 93.0
num pairs per batch: 79.0
num pairs per batch: 140.0
num pairs per batch: 137.0
num pairs per batch: 291.0
num pairs per batch: 220.0
num pairs per batch: 130.0
num pairs per batch: 81.0
num pairs per batch: 100.0
num pairs per batch: 65.0
num pairs per batch: 116.0
num pairs per batch: 72.0
num pairs per batch: 94.0
num pairs per batch: 700.0
num pairs per batch: 101.0
num pairs per batch: 209.0
num pairs per batch: 185.0
num pairs per batch: 61.0
num pairs per batch: 217.0
num pairs per batch: 66.0
num pairs per batch: 129.0
num pairs per batch: 116.0
num pairs per batch: 417.0
num pairs per batch: 136.0
num pairs per batch: 133.0
num pairs per batch: 94.0
num pairs per batch: 93.0
num pairs per batch: 81.0
num pairs per batch: 90.0
num pairs per batch: 91.0
num pairs per batch: 100.0
num pairs per batch: 90.0
num pairs per batch: 82.0
num pairs per batch: 302.0
num pairs per batch: 89.0
num pairs per batch: 119.0
num pairs per batch: 116.0
num pairs per batch: 302.0
num pairs per batch: 304.0
num pairs per batch: 174.0
num pairs per batch: 116.0
num pairs per batch: 98.0
num pairs per batch: 93.0
num pairs per batch: 52.0
num pairs per batch: 94.0
num pairs per batch: 59.0
num pairs per batch: 79.0
num pairs per batch: 700.0
num pairs per batch: 72.0
num pairs per batch: 48.0
num pairs per batch: 173.0
num pairs per batch: 257.0
num pairs per batch: 90.0
num pairs per batch: 66.0
num pairs per batch: 72.0
num pairs per batch: 182.0
num pairs per batch: 89.0
num pairs per batch: 50.0
num pairs per batch: 54.0
num pairs per batch: 700.0
num pairs per batch: 122.0
num pairs per batch: 73.0
num pairs per batch: 100.0
num pairs per batch: 73.0
num pairs per batch: 73.0
num pairs per batch: 277.0
num pairs per batch: 133.0
num pairs per batch: 104.0
num pairs per batch: 213.0
num pairs per batch: 90.0
num pairs per batch: 155.0
num pairs per batch: 61.0
num pairs per batch: 274.0
num pairs per batch: 129.0
num pairs per batch: 357.0
num pairs per batch: 129.0
num pairs per batch: 331.0
num pairs per batch: 213.0
num pairs per batch: 67.0
num pairs per batch: 99.0
num pairs per batch: 72.0
num pairs per batch: 93.0
num pairs per batch: 97.0
num pairs per batch: 257.0
num pairs per batch: 83.0
num pairs per batch: 133.0
num pairs per batch: 49.0
num pairs per batch: 71.0
num pairs per batch: 90.0
num pairs per batch: 93.0
num pairs per batch: 99.0
num pairs per batch: 151.0
num pairs per batch: 211.0
num pairs per batch: 135.0
num pairs per batch: 91.0
num pairs per batch: 134.0
num pairs per batch: 100.0
num pairs per batch: 158.0
num pairs per batch: 173.0
num pairs per batch: 151.0
num pairs per batch: 82.0
num pairs per batch: 90.0
num pairs per batch: 67.0
num pairs per batch: 73.0
num pairs per batch: 700.0
num pairs per batch: 67.0
num pairs per batch: 155.0
num pairs per batch: 137.0
num pairs per batch: 282.0
num pairs per batch: 116.0
num pairs per batch: 229.0
num pairs per batch: 72.0
num pairs per batch: 119.0
num pairs per batch: 99.0
num pairs per batch: 263.0
num pairs per batch: 130.0
num pairs per batch: 100.0
num pairs per batch: 173.0
num pairs per batch: 137.0
num pairs per batch: 133.0
num pairs per batch: 67.0
num pairs per batch: 66.0
num pairs per batch: 90.0
num pairs per batch: 135.0
num pairs per batch: 99.0
num pairs per batch: 136.0
num pairs per batch: 90.0
num pairs per batch: 93.0
num pairs per batch: 90.0
num pairs per batch: 67.0
num pairs per batch: 229.0
num pairs per batch: 73.0
num pairs per batch: 124.0
num pairs per batch: 89.0
num pairs per batch: 208.0
num pairs per batch: 201.0
num pairs per batch: 100.0
num pairs per batch: 90.0
num pairs per batch: 100.0
num pairs per batch: 79.0
num pairs per batch: 90.0
num pairs per batch: 71.0
num pairs per batch: 90.0
num pairs per batch: 67.0
num pairs per batch: 700.0
num pairs per batch: 218.0
num pairs per batch: 116.0
num pairs per batch: 177.0
num pairs per batch: 72.0
num pairs per batch: 93.0
num pairs per batch: 73.0
num pairs per batch: 134.0
num pairs per batch: 99.0
num pairs per batch: 124.0
num pairs per batch: 153.0
num pairs per batch: 109.0
num pairs per batch: 700.0
num pairs per batch: 90.0
num pairs per batch: 97.0
num pairs per batch: 146.0
num pairs per batch: 67.0
num pairs per batch: 80.0
num pairs per batch: 134.0
num pairs per batch: 90.0
num pairs per batch: 116.0
num pairs per batch: 155.0
num pairs per batch: 72.0
num pairs per batch: 182.0
num pairs per batch: 124.0
num pairs per batch: 72.0
num pairs per batch: 80.0
num pairs per batch: 81.0
num pairs per batch: 72.0
num pairs per batch: 71.0
num pairs per batch: 220.0
num pairs per batch: 193.0
num pairs per batch: 355.0
num pairs per batch: 136.0
num pairs per batch: 92.0
num pairs per batch: 99.0
num pairs per batch: 638.0
num pairs per batch: 700.0
num pairs per batch: 136.0
num pairs per batch: 154.0
num pairs per batch: 173.0
num pairs per batch: 90.0
num pairs per batch: 54.0
num pairs per batch: 80.0
num pairs per batch: 478.0
num pairs per batch: 78.0
num pairs per batch: 82.0
num pairs per batch: 293.0
num pairs per batch: 388.0
num pairs per batch: 90.0
num pairs per batch: 100.0
num pairs per batch: 134.0
num pairs per batch: 170.0
num pairs per batch: 92.0
num pairs per batch: 149.0
num pairs per batch: 91.0
num pairs per batch: 121.0
num pairs per batch: 91.0
num pairs per batch: 231.0
num pairs per batch: 101.0
num pairs per batch: 92.0
num pairs per batch: 90.0
num pairs per batch: 123.0
num pairs per batch: 90.0
num pairs per batch: 131.0
num pairs per batch: 66.0
num pairs per batch: 164.0
num pairs per batch: 121.0
num pairs per batch: 93.0
num pairs per batch: 94.0
num pairs per batch: 136.0
num pairs per batch: 276.0
num pairs per batch: 99.0
num pairs per batch: 160.0
num pairs per batch: 154.0
num pairs per batch: 92.0
num pairs per batch: 136.0
num pairs per batch: 300.0
num pairs per batch: 93.0
num pairs per batch: 700.0
num pairs per batch: 177.0
num pairs per batch: 109.0
num pairs per batch: 72.0
num pairs per batch: 99.0
num pairs per batch: 133.0
num pairs per batch: 700.0
num pairs per batch: 79.0
num pairs per batch: 90.0
num pairs per batch: 78.0
num pairs per batch: 50.0
num pairs per batch: 167.0
num pairs per batch: 241.0
num pairs per batch: 73.0
num pairs per batch: 74.0
num pairs per batch: 73.0
num pairs per batch: 700.0
num pairs per batch: 194.0
num pairs per batch: 73.0
num pairs per batch: 98.0
num pairs per batch: 65.0
num pairs per batch: 54.0
num pairs per batch: 251.0
num pairs per batch: 450.0
num pairs per batch: 282.0
num pairs per batch: 243.0
num pairs per batch: 90.0
num pairs per batch: 100.0
num pairs per batch: 86.0
num pairs per batch: 309.0
num pairs per batch: 66.0
num pairs per batch: 163.0
num pairs per batch: 67.0
num pairs per batch: 119.0
num pairs per batch: 100.0
num pairs per batch: 100.0
num pairs per batch: 81.0
num pairs per batch: 134.0
num pairs per batch: 67.0
num pairs per batch: 67.0
num pairs per batch: 223.0
num pairs per batch: 72.0
num pairs per batch: 94.0
num pairs per batch: 52.0
num pairs per batch: 90.0
num pairs per batch: 106.0
num pairs per batch: 109.0
num pairs per batch: 61.0
num pairs per batch: 150.0
num pairs per batch: 72.0
num pairs per batch: 102.0
num pairs per batch: 99.0
num pairs per batch: 93.0
num pairs per batch: 130.0
num pairs per batch: 227.0
num pairs per batch: 700.0
num pairs per batch: 96.0
num pairs per batch: 72.0
num pairs per batch: 109.0
num pairs per batch: 99.0
num pairs per batch: 106.0
num pairs per batch: 54.0
num pairs per batch: 133.0
num pairs per batch: 67.0
num pairs per batch: 115.0
num pairs per batch: 700.0
num pairs per batch: 121.0
num pairs per batch: 97.0
num pairs per batch: 198.0
num pairs per batch: 124.0
num pairs per batch: 190.0
num pairs per batch: 93.0
num pairs per batch: 101.0
num pairs per batch: 146.0
num pairs per batch: 92.0
num pairs per batch: 73.0
num pairs per batch: 73.0
num pairs per batch: 72.0
num pairs per batch: 79.0
num pairs per batch: 71.0
num pairs per batch: 79.0
num pairs per batch: 213.0
num pairs per batch: 81.0
num pairs per batch: 231.0
num pairs per batch: 276.0
num pairs per batch: 72.0
num pairs per batch: 102.0
num pairs per batch: 72.0
num pairs per batch: 137.0
num pairs per batch: 82.0
num pairs per batch: 190.0
num pairs per batch: 330.0
num pairs per batch: 213.0
num pairs per batch: 154.0
num pairs per batch: 89.0
num pairs per batch: 150.0
num pairs per batch: 109.0
num pairs per batch: 97.0
num pairs per batch: 99.0
num pairs per batch: 220.0
num pairs per batch: 133.0
num pairs per batch: 65.0
num pairs per batch: 150.0
num pairs per batch: 688.0
num pairs per batch: 210.0
num pairs per batch: 72.0
num pairs per batch: 49.0
num pairs per batch: 73.0
num pairs per batch: 86.0
num pairs per batch: 79.0
num pairs per batch: 90.0
num pairs per batch: 72.0
num pairs per batch: 150.0
num pairs per batch: 65.0
num pairs per batch: 90.0
num pairs per batch: 518.0
num pairs per batch: 90.0
num pairs per batch: 700.0
num pairs per batch: 98.0
num pairs per batch: 129.0
num pairs per batch: 700.0
num pairs per batch: 98.0
num pairs per batch: 116.0
num pairs per batch: 65.0
num pairs per batch: 152.0
num pairs per batch: 116.0
num pairs per batch: 240.0
num pairs per batch: 274.0
num pairs per batch: 66.0
num pairs per batch: 72.0
num pairs per batch: 124.0
num pairs per batch: 208.0
num pairs per batch: 86.0
num pairs per batch: 98.0
num pairs per batch: 133.0
num pairs per batch: 102.0
num pairs per batch: 78.0
num pairs per batch: 129.0
num pairs per batch: 91.0
num pairs per batch: 86.0
num pairs per batch: 101.0
num pairs per batch: 72.0
num pairs per batch: 105.0
num pairs per batch: 110.0
num pairs per batch: 151.0
num pairs per batch: 116.0
num pairs per batch: 90.0
num pairs per batch: 240.0
num pairs per batch: 72.0
num pairs per batch: 395.0
num pairs per batch: 133.0
num pairs per batch: 119.0
num pairs per batch: 67.0
num pairs per batch: 676.0
num pairs per batch: 173.0
num pairs per batch: 102.0
num pairs per batch: 152.0
num pairs per batch: 96.0
num pairs per batch: 100.0
num pairs per batch: 65.0
num pairs per batch: 93.0
num pairs per batch: 116.0
num pairs per batch: 164.0
num pairs per batch: 99.0
num pairs per batch: 133.0
num pairs per batch: 116.0
num pairs per batch: 72.0
num pairs per batch: 47.0
num pairs per batch: 72.0
num pairs per batch: 65.0
num pairs per batch: 101.0
num pairs per batch: 135.0
num pairs per batch: 156.0
num pairs per batch: 163.0
num pairs per batch: 123.0
num pairs per batch: 136.0
num pairs per batch: 72.0
num pairs per batch: 94.0
num pairs per batch: 67.0
num pairs per batch: 129.0
num pairs per batch: 482.0
num pairs per batch: 101.0
num pairs per batch: 90.0
num pairs per batch: 139.0
num pairs per batch: 90.0
num pairs per batch: 90.0
num pairs per batch: 350.0
num pairs per batch: 65.0
num pairs per batch: 318.0
num pairs per batch: 137.0
num pairs per batch: 67.0
num pairs per batch: 66.0
num pairs per batch: 80.0
num pairs per batch: 104.0
num pairs per batch: 72.0
num pairs per batch: 95.0
num pairs per batch: 90.0
num pairs per batch: 72.0
num pairs per batch: 152.0
num pairs per batch: 89.0
num pairs per batch: 160.0
num pairs per batch: 197.0
num pairs per batch: 355.0
num pairs per batch: 66.0
num pairs per batch: 89.0
num pairs per batch: 90.0
num pairs per batch: 72.0
num pairs per batch: 90.0
num pairs per batch: 81.0
num pairs per batch: 79.0
num pairs per batch: 354.0
num pairs per batch: 700.0
num pairs per batch: 152.0
num pairs per batch: 163.0
num pairs per batch: 101.0
num pairs per batch: 81.0
num pairs per batch: 66.0
num pairs per batch: 73.0
num pairs per batch: 141.0
num pairs per batch: 190.0
num pairs per batch: 72.0
num pairs per batch: 79.0
num pairs per batch: 116.0
num pairs per batch: 231.0
num pairs per batch: 150.0
num pairs per batch: 72.0
num pairs per batch: 90.0
num pairs per batch: 50.0
num pairs per batch: 80.0
num pairs per batch: 90.0
num pairs per batch: 73.0
num pairs per batch: 231.0
num pairs per batch: 146.0
num pairs per batch: 272.0
num pairs per batch: 67.0
num pairs per batch: 72.0
num pairs per batch: 72.0
num pairs per batch: 65.0
num pairs per batch: 700.0
num pairs per batch: 73.0
num pairs per batch: 116.0
num pairs per batch: 67.0
num pairs per batch: 83.0
num pairs per batch: 65.0
num pairs per batch: 79.0
num pairs per batch: 72.0
num pairs per batch: 99.0
num pairs per batch: 93.0
num pairs per batch: 154.0
num pairs per batch: 160.0
num pairs per batch: 50.0
num pairs per batch: 700.0
num pairs per batch: 90.0
num pairs per batch: 154.0
num pairs per batch: 81.0
num pairs per batch: 101.0
num pairs per batch: 93.0
num pairs per batch: 105.0
num pairs per batch: 308.0
num pairs per batch: 306.0
num pairs per batch: 52.0
num pairs per batch: 97.0
num pairs per batch: 700.0
num pairs per batch: 116.0
num pairs per batch: 99.0
num pairs per batch: 163.0
num pairs per batch: 67.0
num pairs per batch: 73.0
num pairs per batch: 71.0
num pairs per batch: 146.0
num pairs per batch: 133.0
num pairs per batch: 129.0
num pairs per batch: 61.0
num pairs per batch: 61.0
num pairs per batch: 146.0
num pairs per batch: 93.0
num pairs per batch: 101.0
num pairs per batch: 72.0
num pairs per batch: 140.0
num pairs per batch: 177.0
num pairs per batch: 81.0
num pairs per batch: 101.0
num pairs per batch: 167.0
num pairs per batch: 67.0
num pairs per batch: 74.0
num pairs per batch: 115.0
num pairs per batch: 78.0
num pairs per batch: 49.0
num pairs per batch: 72.0
num pairs per batch: 132.0
num pairs per batch: 136.0
num pairs per batch: 66.0
num pairs per batch: 700.0
num pairs per batch: 158.0
num pairs per batch: 131.0
num pairs per batch: 129.0
num pairs per batch: 72.0
num pairs per batch: 133.0
num pairs per batch: 92.0
num pairs per batch: 99.0
num pairs per batch: 79.0
num pairs per batch: 81.0
num pairs per batch: 231.0
num pairs per batch: 106.0
num pairs per batch: 137.0
num pairs per batch: 67.0
num pairs per batch: 72.0
num pairs per batch: 90.0
num pairs per batch: 99.0
num pairs per batch: 231.0
num pairs per batch: 136.0
num pairs per batch: 101.0
num pairs per batch: 95.0
num pairs per batch: 140.0
num pairs per batch: 131.0
num pairs per batch: 101.0
num pairs per batch: 82.0
num pairs per batch: 220.0
num pairs per batch: 107.0
num pairs per batch: 81.0
num pairs per batch: 66.0
num pairs per batch: 133.0
num pairs per batch: 48.0
num pairs per batch: 164.0
num pairs per batch: 52.0
num pairs per batch: 67.0
num pairs per batch: 101.0
num pairs per batch: 198.0
num pairs per batch: 121.0
num pairs per batch: 220.0
num pairs per batch: 90.0
num pairs per batch: 160.0
num pairs per batch: 90.0
num pairs per batch: 83.0
num pairs per batch: 190.0
num pairs per batch: 152.0
num pairs per batch: 93.0
num pairs per batch: 100.0
num pairs per batch: 133.0
num pairs per batch: 72.0
num pairs per batch: 96.0
num pairs per batch: 67.0
num pairs per batch: 167.0
num pairs per batch: 91.0
num pairs per batch: 82.0
num pairs per batch: 72.0
num pairs per batch: 155.0
num pairs per batch: 80.0
num pairs per batch: 550.0
num pairs per batch: 261.0
num pairs per batch: 74.0
num pairs per batch: 116.0
num pairs per batch: 148.0
num pairs per batch: 66.0
num pairs per batch: 90.0
num pairs per batch: 61.0
num pairs per batch: 74.0
num pairs per batch: 193.0
num pairs per batch: 700.0
num pairs per batch: 73.0
num pairs per batch: 72.0
num pairs per batch: 116.0
num pairs per batch: 94.0
num pairs per batch: 102.0
num pairs per batch: 148.0
num pairs per batch: 52.0
num pairs per batch: 193.0
num pairs per batch: 131.0
num pairs per batch: 238.0
num pairs per batch: 81.0
num pairs per batch: 570.0
num pairs per batch: 100.0
num pairs per batch: 90.0
num pairs per batch: 229.0
num pairs per batch: 74.0
num pairs per batch: 124.0
num pairs per batch: 93.0
num pairs per batch: 231.0
num pairs per batch: 129.0
num pairs per batch: 121.0
num pairs per batch: 67.0
num pairs per batch: 78.0
num pairs per batch: 150.0
num pairs per batch: 133.0
num pairs per batch: 700.0
num pairs per batch: 136.0
num pairs per batch: 90.0
num pairs per batch: 208.0
num pairs per batch: 86.0
num pairs per batch: 50.0
num pairs per batch: 154.0
num pairs per batch: 72.0
num pairs per batch: 124.0
num pairs per batch: 79.0
num pairs per batch: 137.0
num pairs per batch: 94.0
num pairs per batch: 138.0
num pairs per batch: 138.0
num pairs per batch: 164.0
num pairs per batch: 61.0
num pairs per batch: 66.0
num pairs per batch: 99.0
num pairs per batch: 93.0
num pairs per batch: 92.0
num pairs per batch: 101.0
num pairs per batch: 225.0
num pairs per batch: 72.0
num pairs per batch: 115.0
num pairs per batch: 94.0
num pairs per batch: 50.0
num pairs per batch: 81.0
num pairs per batch: 93.0
num pairs per batch: 90.0
num pairs per batch: 95.0
num pairs per batch: 220.0
num pairs per batch: 99.0
num pairs per batch: 160.0
num pairs per batch: 174.0
num pairs per batch: 213.0
num pairs per batch: 68.0
num pairs per batch: 52.0
num pairs per batch: 72.0
num pairs per batch: 67.0
num pairs per batch: 137.0
num pairs per batch: 105.0
num pairs per batch: 217.0
num pairs per batch: 102.0
num pairs per batch: 47.0
num pairs per batch: 91.0
num pairs per batch: 700.0
num pairs per batch: 65.0
num pairs per batch: 79.0
num pairs per batch: 468.0
num pairs per batch: 72.0
num pairs per batch: 138.0
num pairs per batch: 138.0
num pairs per batch: 90.0
num pairs per batch: 135.0
num pairs per batch: 101.0
num pairs per batch: 80.0
num pairs per batch: 182.0
num pairs per batch: 65.0
num pairs per batch: 649.0
num pairs per batch: 47.0
num pairs per batch: 74.0
num pairs per batch: 89.0
num pairs per batch: 96.0
num pairs per batch: 71.0
num pairs per batch: 79.0
num pairs per batch: 100.0
num pairs per batch: 81.0
num pairs per batch: 79.0
num pairs per batch: 99.0
num pairs per batch: 123.0
num pairs per batch: 170.0
num pairs per batch: 92.0
num pairs per batch: 90.0
num pairs per batch: 74.0
num pairs per batch: 138.0
num pairs per batch: 90.0
num pairs per batch: 146.0
num pairs per batch: 72.0
num pairs per batch: 86.0
num pairs per batch: 81.0
num pairs per batch: 104.0
num pairs per batch: 409.0
num pairs per batch: 72.0
num pairs per batch: 95.0
num pairs per batch: 700.0
num pairs per batch: 72.0
num pairs per batch: 133.0
num pairs per batch: 100.0
num pairs per batch: 93.0
num pairs per batch: 121.0
num pairs per batch: 96.0
num pairs per batch: 82.0
num pairs per batch: 54.0
num pairs per batch: 116.0
num pairs per batch: 150.0
num pairs per batch: 67.0
num pairs per batch: 90.0
num pairs per batch: 100.0
num pairs per batch: 133.0
num pairs per batch: 146.0
num pairs per batch: 177.0
num pairs per batch: 425.0
num pairs per batch: 79.0
num pairs per batch: 67.0
num pairs per batch: 155.0
num pairs per batch: 81.0
num pairs per batch: 72.0
num pairs per batch: 65.0
num pairs per batch: 146.0
num pairs per batch: 350.0
num pairs per batch: 401.0
num pairs per batch: 133.0
num pairs per batch: 160.0
num pairs per batch: 116.0
num pairs per batch: 67.0
num pairs per batch: 116.0
num pairs per batch: 96.0
num pairs per batch: 305.0
num pairs per batch: 148.0
num pairs per batch: 74.0
num pairs per batch: 80.0
num pairs per batch: 73.0
num pairs per batch: 97.0
num pairs per batch: 91.0
num pairs per batch: 262.0
num pairs per batch: 81.0
num pairs per batch: 123.0
num pairs per batch: 122.0
num pairs per batch: 95.0
num pairs per batch: 136.0
num pairs per batch: 90.0
num pairs per batch: 81.0
num pairs per batch: 135.0
num pairs per batch: 116.0
num pairs per batch: 164.0
num pairs per batch: 700.0
num pairs per batch: 66.0
num pairs per batch: 67.0
num pairs per batch: 93.0
num pairs per batch: 47.0
num pairs per batch: 229.0
num pairs per batch: 146.0
num pairs per batch: 222.0
num pairs per batch: 92.0
num pairs per batch: 134.0
num pairs per batch: 99.0
num pairs per batch: 90.0
num pairs per batch: 72.0
num pairs per batch: 90.0
num pairs per batch: 91.0
num pairs per batch: 72.0
num pairs per batch: 116.0
num pairs per batch: 50.0
num pairs per batch: 82.0
num pairs per batch: 129.0
num pairs per batch: 92.0
num pairs per batch: 154.0
num pairs per batch: 80.0
num pairs per batch: 78.0
num pairs per batch: 99.0
num pairs per batch: 71.0
num pairs per batch: 231.0
num pairs per batch: 68.0
num pairs per batch: 164.0
num pairs per batch: 158.0
num pairs per batch: 61.0
num pairs per batch: 213.0
num pairs per batch: 167.0
num pairs per batch: 99.0
num pairs per batch: 135.0
num pairs per batch: 190.0
num pairs per batch: 700.0
num pairs per batch: 116.0
num pairs per batch: 679.0
num pairs per batch: 122.0
num pairs per batch: 94.0
num pairs per batch: 67.0
num pairs per batch: 123.0
num pairs per batch: 212.0
num pairs per batch: 99.0
num pairs per batch: 71.0
num pairs per batch: 99.0
num pairs per batch: 146.0
num pairs per batch: 67.0
num pairs per batch: 220.0
num pairs per batch: 122.0
num pairs per batch: 89.0
num pairs per batch: 101.0
num pairs per batch: 52.0
num pairs per batch: 101.0
num pairs per batch: 99.0
num pairs per batch: 133.0
num pairs per batch: 101.0
num pairs per batch: 91.0
num pairs per batch: 65.0
num pairs per batch: 48.0
num pairs per batch: 71.0
num pairs per batch: 133.0
num pairs per batch: 81.0
num pairs per batch: 90.0
num pairs per batch: 95.0
num pairs per batch: 68.0
num pairs per batch: 72.0
num pairs per batch: 72.0
num pairs per batch: 130.0
num pairs per batch: 72.0
num pairs per batch: 90.0
num pairs per batch: 97.0
num pairs per batch: 79.0
num pairs per batch: 154.0
num pairs per batch: 79.0
num pairs per batch: 79.0
num pairs per batch: 90.0
num pairs per batch: 167.0
num pairs per batch: 67.0
num pairs per batch: 116.0
num pairs per batch: 72.0
num pairs per batch: 72.0
num pairs per batch: 97.0
num pairs per batch: 138.0
num pairs per batch: 52.0
num pairs per batch: 90.0
num pairs per batch: 67.0
num pairs per batch: 65.0
num pairs per batch: 81.0
num pairs per batch: 81.0
num pairs per batch: 116.0
num pairs per batch: 67.0
num pairs per batch: 129.0
num pairs per batch: 105.0
num pairs per batch: 93.0
num pairs per batch: 86.0
num pairs per batch: 79.0
num pairs per batch: 96.0
num pairs per batch: 100.0
num pairs per batch: 213.0
num pairs per batch: 94.0
num pairs per batch: 207.0
num pairs per batch: 140.0
num pairs per batch: 486.0
num pairs per batch: 93.0
num pairs per batch: 93.0
num pairs per batch: 229.0
num pairs per batch: 90.0
num pairs per batch: 66.0
num pairs per batch: 91.0
num pairs per batch: 119.0
num pairs per batch: 91.0
num pairs per batch: 99.0
num pairs per batch: 90.0
num pairs per batch: 96.0
num pairs per batch: 90.0
num pairs per batch: 92.0
num pairs per batch: 90.0
num pairs per batch: 72.0
num pairs per batch: 79.0
num pairs per batch: 116.0
num pairs per batch: 135.0
num pairs per batch: 72.0
num pairs per batch: 65.0
num pairs per batch: 72.0
num pairs per batch: 73.0
num pairs per batch: 93.0
num pairs per batch: 79.0
num pairs per batch: 97.0
num pairs per batch: 136.0
num pairs per batch: 121.0
num pairs per batch: 91.0
num pairs per batch: 116.0
num pairs per batch: 79.0
num pairs per batch: 66.0
num pairs per batch: 52.0
num pairs per batch: 72.0
num pairs per batch: 700.0
num pairs per batch: 81.0
num pairs per batch: 72.0
num pairs per batch: 90.0
num pairs per batch: 260.0
num pairs per batch: 302.0
num pairs per batch: 157.0
num pairs per batch: 71.0
num pairs per batch: 376.0
num pairs per batch: 52.0
num pairs per batch: 213.0
num pairs per batch: 65.0
num pairs per batch: 72.0
num pairs per batch: 100.0
num pairs per batch: 83.0
num pairs per batch: 67.0
num pairs per batch: 238.0
num pairs per batch: 133.0
num pairs per batch: 276.0
num pairs per batch: 251.0
num pairs per batch: 66.0
num pairs per batch: 116.0
num pairs per batch: 72.0
num pairs per batch: 700.0
num pairs per batch: 124.0
num pairs per batch: 80.0
num pairs per batch: 163.0
num pairs per batch: 160.0
num pairs per batch: 72.0
num pairs per batch: 50.0
num pairs per batch: 151.0
num pairs per batch: 220.0
num pairs per batch: 99.0
num pairs per batch: 106.0
num pairs per batch: 79.0
num pairs per batch: 90.0
num pairs per batch: 65.0
num pairs per batch: 116.0
num pairs per batch: 700.0
num pairs per batch: 66.0
num pairs per batch: 137.0
num pairs per batch: 67.0
num pairs per batch: 79.0
num pairs per batch: 138.0
num pairs per batch: 618.0
num pairs per batch: 96.0
num pairs per batch: 160.0
num pairs per batch: 101.0
num pairs per batch: 129.0
num pairs per batch: 146.0
num pairs per batch: 367.0
num pairs per batch: 49.0
num pairs per batch: 133.0
num pairs per batch: 295.0
num pairs per batch: 52.0
num pairs per batch: 72.0
num pairs per batch: 263.0
num pairs per batch: 220.0
num pairs per batch: 91.0
num pairs per batch: 91.0
num pairs per batch: 89.0
num pairs per batch: 182.0
num pairs per batch: 90.0
num pairs per batch: 700.0
num pairs per batch: 67.0
num pairs per batch: 700.0
num pairs per batch: 78.0
num pairs per batch: 167.0
num pairs per batch: 173.0
num pairs per batch: 119.0
num pairs per batch: 193.0
num pairs per batch: 371.0
num pairs per batch: 105.0
num pairs per batch: 94.0
num pairs per batch: 90.0
num pairs per batch: 215.0
num pairs per batch: 294.0
num pairs per batch: 482.0
num pairs per batch: 146.0
num pairs per batch: 98.0
num pairs per batch: 116.0
num pairs per batch: 238.0
num pairs per batch: 138.0
num pairs per batch: 100.0
num pairs per batch: 96.0
num pairs per batch: 97.0
num pairs per batch: 127.0
num pairs per batch: 67.0
num pairs per batch: 50.0
num pairs per batch: 72.0
num pairs per batch: 99.0
num pairs per batch: 91.0
num pairs per batch: 81.0
num pairs per batch: 90.0
num pairs per batch: 276.0
num pairs per batch: 291.0
num pairs per batch: 83.0
num pairs per batch: 90.0
num pairs per batch: 95.0
num pairs per batch: 92.0
num pairs per batch: 173.0
num pairs per batch: 240.0
num pairs per batch: 150.0
num pairs per batch: 167.0
num pairs per batch: 90.0
num pairs per batch: 160.0
num pairs per batch: 129.0
num pairs per batch: 100.0
num pairs per batch: 700.0
num pairs per batch: 80.0
num pairs per batch: 122.0
num pairs per batch: 91.0
num pairs per batch: 173.0
num pairs per batch: 109.0
num pairs per batch: 700.0
num pairs per batch: 100.0
num pairs per batch: 133.0
num pairs per batch: 116.0
num pairs per batch: 137.0
num pairs per batch: 89.0
num pairs per batch: 160.0
num pairs per batch: 73.0
num pairs per batch: 65.0
num pairs per batch: 116.0
num pairs per batch: 86.0
num pairs per batch: 304.0
num pairs per batch: 207.0
num pairs per batch: 105.0
num pairs per batch: 50.0
num pairs per batch: 119.0
num pairs per batch: 182.0
num pairs per batch: 106.0
num pairs per batch: 116.0
num pairs per batch: 101.0
num pairs per batch: 116.0
num pairs per batch: 369.0
num pairs per batch: 137.0
num pairs per batch: 59.0
num pairs per batch: 261.0
num pairs per batch: 79.0
num pairs per batch: 124.0
num pairs per batch: 82.0
num pairs per batch: 146.0
num pairs per batch: 208.0
num pairs per batch: 65.0
num pairs per batch: 116.0
num pairs per batch: 79.0
num pairs per batch: 211.0
num pairs per batch: 700.0
num pairs per batch: 133.0
num pairs per batch: 99.0
num pairs per batch: 94.0
num pairs per batch: 101.0
num pairs per batch: 93.0
num pairs per batch: 163.0
num pairs per batch: 350.0
num pairs per batch: 158.0
num pairs per batch: 155.0
num pairs per batch: 129.0
num pairs per batch: 65.0
num pairs per batch: 115.0
num pairs per batch: 135.0
num pairs per batch: 67.0
num pairs per batch: 137.0
num pairs per batch: 700.0
num pairs per batch: 271.0
num pairs per batch: 74.0
num pairs per batch: 316.0
num pairs per batch: 123.0
num pairs per batch: 116.0
num pairs per batch: 80.0
num pairs per batch: 150.0
num pairs per batch: 700.0
num pairs per batch: 95.0
num pairs per batch: 99.0
num pairs per batch: 71.0
num pairs per batch: 124.0
num pairs per batch: 91.0
num pairs per batch: 72.0
num pairs per batch: 138.0
num pairs per batch: 67.0
num pairs per batch: 93.0
num pairs per batch: 66.0
num pairs per batch: 496.0
num pairs per batch: 74.0
num pairs per batch: 109.0
num pairs per batch: 89.0
num pairs per batch: 343.0
num pairs per batch: 133.0
num pairs per batch: 102.0
num pairs per batch: 66.0
num pairs per batch: 91.0
num pairs per batch: 137.0
num pairs per batch: 163.0
num pairs per batch: 291.0
num pairs per batch: 81.0
num pairs per batch: 67.0
num pairs per batch: 700.0
num pairs per batch: 66.0
num pairs per batch: 543.0
num pairs per batch: 92.0
num pairs per batch: 700.0
num pairs per batch: 155.0
num pairs per batch: 67.0
num pairs per batch: 96.0
num pairs per batch: 67.0
num pairs per batch: 50.0
num pairs per batch: 79.0
num pairs per batch: 282.0
num pairs per batch: 52.0
num pairs per batch: 94.0
num pairs per batch: 146.0
num pairs per batch: 127.0
num pairs per batch: 52.0
num pairs per batch: 93.0
num pairs per batch: 146.0
num pairs per batch: 61.0
num pairs per batch: 73.0
num pairs per batch: 65.0
num pairs per batch: 300.0
num pairs per batch: 140.0
num pairs per batch: 93.0
num pairs per batch: 67.0
num pairs per batch: 49.0
num pairs per batch: 116.0
num pairs per batch: 79.0
num pairs per batch: 137.0
num pairs per batch: 135.0
num pairs per batch: 92.0
num pairs per batch: 95.0
num pairs per batch: 146.0
num pairs per batch: 90.0
num pairs per batch: 65.0
num pairs per batch: 700.0
num pairs per batch: 109.0
num pairs per batch: 116.0
num pairs per batch: 71.0
num pairs per batch: 700.0
num pairs per batch: 124.0
num pairs per batch: 89.0
num pairs per batch: 140.0
num pairs per batch: 182.0
num pairs per batch: 129.0
num pairs per batch: 74.0
num pairs per batch: 158.0
num pairs per batch: 124.0
num pairs per batch: 72.0
num pairs per batch: 67.0
num pairs per batch: 106.0
num pairs per batch: 300.0
num pairs per batch: 123.0
num pairs per batch: 116.0
num pairs per batch: 116.0
num pairs per batch: 180.0
num pairs per batch: 375.0
num pairs per batch: 90.0
num pairs per batch: 67.0
num pairs per batch: 79.0
num pairs per batch: 700.0
num pairs per batch: 73.0
num pairs per batch: 158.0
num pairs per batch: 90.0
num pairs per batch: 133.0
num pairs per batch: 133.0
num pairs per batch: 81.0
num pairs per batch: 81.0
num pairs per batch: 116.0
num pairs per batch: 81.0
num pairs per batch: 100.0
num pairs per batch: 243.0
num pairs per batch: 54.0
num pairs per batch: 91.0
num pairs per batch: 50.0
num pairs per batch: 130.0
num pairs per batch: 368.0
num pairs per batch: 220.0
num pairs per batch: 231.0
num pairs per batch: 576.0
num pairs per batch: 67.0
num pairs per batch: 100.0
num pairs per batch: 100.0
num pairs per batch: 121.0
num pairs per batch: 95.0
num pairs per batch: 124.0
num pairs per batch: 138.0
num pairs per batch: 82.0
num pairs per batch: 167.0
num pairs per batch: 116.0
num pairs per batch: 148.0
num pairs per batch: 67.0
num pairs per batch: 92.0
num pairs per batch: 160.0
num pairs per batch: 79.0
num pairs per batch: 68.0
num pairs per batch: 187.0
num pairs per batch: 158.0
num pairs per batch: 158.0
num pairs per batch: 285.0
num pairs per batch: 72.0
num pairs per batch: 137.0
num pairs per batch: 101.0
num pairs per batch: 134.0
num pairs per batch: 700.0
num pairs per batch: 81.0
num pairs per batch: 122.0
num pairs per batch: 94.0
num pairs per batch: 83.0
num pairs per batch: 487.0
num pairs per batch: 90.0
num pairs per batch: 320.0
num pairs per batch: 67.0
num pairs per batch: 193.0
num pairs per batch: 116.0
num pairs per batch: 101.0
num pairs per batch: 90.0
num pairs per batch: 124.0
num pairs per batch: 99.0
num pairs per batch: 74.0
num pairs per batch: 67.0
num pairs per batch: 134.0
num pairs per batch: 92.0
num pairs per batch: 73.0
num pairs per batch: 138.0
num pairs per batch: 700.0
num pairs per batch: 73.0
num pairs per batch: 121.0
num pairs per batch: 54.0
num pairs per batch: 86.0
num pairs per batch: 140.0
num pairs per batch: 93.0
num pairs per batch: 90.0
num pairs per batch: 309.0
num pairs per batch: 138.0
num pairs per batch: 66.0
num pairs per batch: 72.0
num pairs per batch: 80.0
num pairs per batch: 96.0
num pairs per batch: 134.0
num pairs per batch: 82.0
num pairs per batch: 48.0
num pairs per batch: 81.0
num pairs per batch: 59.0
num pairs per batch: 129.0
num pairs per batch: 276.0
num pairs per batch: 146.0
num pairs per batch: 101.0
num pairs per batch: 89.0
num pairs per batch: 101.0
num pairs per batch: 96.0
num pairs per batch: 100.0
num pairs per batch: 116.0
num pairs per batch: 50.0
num pairs per batch: 73.0
num pairs per batch: 369.0
num pairs per batch: 67.0
num pairs per batch: 700.0
num pairs per batch: 700.0
num pairs per batch: 81.0
num pairs per batch: 119.0
num pairs per batch: 124.0
num pairs per batch: 66.0
num pairs per batch: 122.0
num pairs per batch: 73.0
num pairs per batch: 67.0
num pairs per batch: 79.0
num pairs per batch: 71.0
num pairs per batch: 135.0
num pairs per batch: 92.0
num pairs per batch: 152.0
num pairs per batch: 211.0
num pairs per batch: 79.0
num pairs per batch: 72.0
num pairs per batch: 90.0
num pairs per batch: 243.0
num pairs per batch: 167.0
num pairs per batch: 672.0
num pairs per batch: 50.0
num pairs per batch: 133.0
num pairs per batch: 93.0
num pairs per batch: 240.0
num pairs per batch: 81.0
num pairs per batch: 116.0
num pairs per batch: 238.0
num pairs per batch: 226.0
num pairs per batch: 104.0
num pairs per batch: 91.0
num pairs per batch: 86.0
num pairs per batch: 123.0
num pairs per batch: 131.0
num pairs per batch: 136.0
num pairs per batch: 93.0
num pairs per batch: 700.0
num pairs per batch: 374.0
num pairs per batch: 99.0
num pairs per batch: 173.0
num pairs per batch: 151.0
num pairs per batch: 386.0
num pairs per batch: 72.0
num pairs per batch: 82.0
num pairs per batch: 101.0
num pairs per batch: 193.0
num pairs per batch: 90.0
num pairs per batch: 54.0
num pairs per batch: 223.0
num pairs per batch: 103.0
num pairs per batch: 331.0
num pairs per batch: 91.0
num pairs per batch: 127.0
num pairs per batch: 73.0
num pairs per batch: 116.0
num pairs per batch: 116.0
num pairs per batch: 80.0
num pairs per batch: 90.0
num pairs per batch: 217.0
num pairs per batch: 81.0
num pairs per batch: 90.0
num pairs per batch: 116.0
num pairs per batch: 131.0
num pairs per batch: 83.0
num pairs per batch: 89.0
num pairs per batch: 145.0
num pairs per batch: 67.0
num pairs per batch: 91.0
num pairs per batch: 152.0
num pairs per batch: 123.0
num pairs per batch: 86.0
num pairs per batch: 134.0
num pairs per batch: 245.0
num pairs per batch: 129.0
num pairs per batch: 208.0
num pairs per batch: 217.0
num pairs per batch: 238.0
num pairs per batch: 100.0
num pairs per batch: 82.0
num pairs per batch: 222.0
num pairs per batch: 72.0
num pairs per batch: 89.0
num pairs per batch: 320.0
num pairs per batch: 90.0
num pairs per batch: 90.0
num pairs per batch: 331.0
num pairs per batch: 146.0
num pairs per batch: 72.0
num pairs per batch: 67.0
num pairs per batch: 193.0
num pairs per batch: 79.0
num pairs per batch: 70.0
num pairs per batch: 215.0
num pairs per batch: 244.0
num pairs per batch: 105.0
num pairs per batch: 52.0
num pairs per batch: 700.0
num pairs per batch: 160.0
num pairs per batch: 67.0
num pairs per batch: 149.0
num pairs per batch: 71.0
num pairs per batch: 78.0
num pairs per batch: 93.0
num pairs per batch: 83.0
num pairs per batch: 116.0
num pairs per batch: 86.0
num pairs per batch: 158.0
num pairs per batch: 101.0
num pairs per batch: 138.0
num pairs per batch: 359.0
num pairs per batch: 138.0
num pairs per batch: 79.0
num pairs per batch: 67.0
num pairs per batch: 115.0
num pairs per batch: 700.0
num pairs per batch: 79.0
num pairs per batch: 65.0
num pairs per batch: 73.0
num pairs per batch: 81.0
num pairs per batch: 86.0
num pairs per batch: 90.0
num pairs per batch: 95.0
num pairs per batch: 90.0
num pairs per batch: 73.0
num pairs per batch: 67.0
num pairs per batch: 105.0
num pairs per batch: 700.0
num pairs per batch: 133.0
num pairs per batch: 244.0
num pairs per batch: 276.0
num pairs per batch: 449.0
num pairs per batch: 90.0
num pairs per batch: 609.0
num pairs per batch: 138.0
num pairs per batch: 261.0
num pairs per batch: 90.0
num pairs per batch: 453.0
num pairs per batch: 72.0
num pairs per batch: 81.0
num pairs per batch: 138.0
num pairs per batch: 119.0
num pairs per batch: 67.0
num pairs per batch: 99.0
num pairs per batch: 154.0
num pairs per batch: 50.0
num pairs per batch: 129.0
num pairs per batch: 244.0
num pairs per batch: 67.0
num pairs per batch: 54.0
num pairs per batch: 90.0
num pairs per batch: 136.0
num pairs per batch: 65.0
num pairs per batch: 72.0
num pairs per batch: 208.0
num pairs per batch: 89.0
num pairs per batch: 72.0
num pairs per batch: 316.0
num pairs per batch: 92.0
num pairs per batch: 116.0
num pairs per batch: 149.0
num pairs per batch: 101.0
num pairs per batch: 90.0
num pairs per batch: 134.0
num pairs per batch: 185.0
num pairs per batch: 73.0
num pairs per batch: 86.0
num pairs per batch: 52.0
num pairs per batch: 115.0
num pairs per batch: 66.0
num pairs per batch: 116.0
num pairs per batch: 52.0
num pairs per batch: 138.0
num pairs per batch: 79.0
num pairs per batch: 135.0
num pairs per batch: 73.0
num pairs per batch: 65.0
num pairs per batch: 52.0
num pairs per batch: 80.0
num pairs per batch: 124.0
num pairs per batch: 89.0
num pairs per batch: 65.0
num pairs per batch: 700.0
num pairs per batch: 73.0
num pairs per batch: 65.0
num pairs per batch: 106.0
num pairs per batch: 66.0
num pairs per batch: 79.0
num pairs per batch: 700.0
num pairs per batch: 149.0
num pairs per batch: 66.0
num pairs per batch: 81.0
num pairs per batch: 163.0
num pairs per batch: 192.0
num pairs per batch: 86.0
num pairs per batch: 148.0
num pairs per batch: 135.0
num pairs per batch: 79.0
num pairs per batch: 116.0
num pairs per batch: 134.0
num pairs per batch: 341.0
num pairs per batch: 73.0
num pairs per batch: 74.0
num pairs per batch: 52.0
num pairs per batch: 92.0
num pairs per batch: 67.0
num pairs per batch: 93.0
num pairs per batch: 72.0
num pairs per batch: 124.0
num pairs per batch: 93.0
num pairs per batch: 78.0
num pairs per batch: 73.0
num pairs per batch: 99.0
num pairs per batch: 700.0
num pairs per batch: 535.0
num pairs per batch: 72.0
num pairs per batch: 127.0
num pairs per batch: 131.0
num pairs per batch: 79.0
num pairs per batch: 311.0
num pairs per batch: 93.0
num pairs per batch: 81.0
num pairs per batch: 67.0
num pairs per batch: 116.0
num pairs per batch: 160.0
num pairs per batch: 129.0
num pairs per batch: 54.0
num pairs per batch: 158.0
num pairs per batch: 81.0
num pairs per batch: 89.0
num pairs per batch: 180.0
num pairs per batch: 72.0
num pairs per batch: 231.0
num pairs per batch: 700.0
num pairs per batch: 66.0
num pairs per batch: 73.0
num pairs per batch: 99.0
num pairs per batch: 122.0
num pairs per batch: 81.0
num pairs per batch: 109.0
num pairs per batch: 226.0
num pairs per batch: 49.0
num pairs per batch: 79.0
num pairs per batch: 121.0
num pairs per batch: 81.0
num pairs per batch: 49.0
num pairs per batch: 152.0
num pairs per batch: 98.0
num pairs per batch: 218.0
num pairs per batch: 90.0
num pairs per batch: 67.0
num pairs per batch: 199.0
num pairs per batch: 96.0
num pairs per batch: 160.0
num pairs per batch: 220.0
num pairs per batch: 100.0
num pairs per batch: 66.0
num pairs per batch: 263.0
num pairs per batch: 700.0
num pairs per batch: 514.0
num pairs per batch: 81.0
num pairs per batch: 72.0
num pairs per batch: 135.0
num pairs per batch: 313.0
num pairs per batch: 86.0
num pairs per batch: 95.0
num pairs per batch: 131.0
num pairs per batch: 81.0
num pairs per batch: 223.0
num pairs per batch: 67.0
num pairs per batch: 49.0
num pairs per batch: 66.0
num pairs per batch: 185.0
num pairs per batch: 273.0
num pairs per batch: 302.0
num pairs per batch: 138.0
num pairs per batch: 115.0
num pairs per batch: 129.0
num pairs per batch: 700.0
srun: Job step aborted: Waiting up to 32 seconds for job step to finish.
slurmstepd: error: *** JOB 5821167 ON r2i4n5 CANCELLED AT 2024-07-20T16:40:35 ***
slurmstepd: error: *** STEP 5821167.0 ON r2i4n5 CANCELLED AT 2024-07-20T16:40:35 ***
