Loading python/3.10.8-gpu
  Loading requirement: nvidia/nvhpc-nompi/22.2 gcc/10.2.0
    openmpi/4.1.6-cuda-11.6
Loading pytorch/1.13.1-gpu
  Loading requirement: nvidia/cudnn/8.6.0-cuda-11.6 nvidia/tensorrt/8.4.3.1-u2
    libsndfile/1.0.28
Training embeddings directory: data/tamil/embeddings/training_data/9/raw
Validation embeddings file: data/tamil/embeddings/validation_data/9/phonetized_2_5/all_embeddings_phonetized.pkl
START TIME: 2024-08-08_10:05:56
Training model for tamil with inputs from mHuBERT layer 9
Number of epochs: 10, patience: 2, learning rate: 0.0001
clip norm: 40, temperature: 0.15, num pairs per batch: 5
num batch pairs to accumulate gradients over: 1000
time limit to create dataset: 600
temperature: 0.15
min phone seq length: 2, max phone seq length: 5
perturb sequences: False, max one sided perturb amount: 0.1

Model save directory: data/tamil/models/awe/9/initial_model_lr_0.0001_tmp_0.15_acc_1000_bs_5_2_5

Loading embedded data from directory: data/tamil/embeddings/training_data/9/raw
Loaded embedded data from data/tamil/embeddings/training_data/9/raw
Time taken: 152.02 s
Dataset generation time limit reached: 600 s.
Number of classes remaining: 170.
Created paired data
Loading embedded data from file: data/tamil/embeddings/validation_data/9/phonetized_2_5/all_embeddings_phonetized.pkl
Loaded embedded data from data/tamil/embeddings/validation_data/9/phonetized_2_5/all_embeddings_phonetized.pkl
Time taken: 15.80 s
Created paired data
Time taken to create datasets: 901.88 s
/work/y07/shared/cirrus-software/pytorch/1.13.1-gpu/python/3.10.8/lib/python3.10/site-packages/torch/nn/modules/conv.py:459: UserWarning: Using padding='same' with even kernel lengths and odd dilation may require a zero-padded copy of the input be created (Triggered internally at ../aten/src/ATen/native/Convolution.cpp:895.)
  return F.conv2d(input, weight, bias, self.stride,
Epoch 0: 0.00% done
Loss: 349.3356704711914
Time: 18.19 s
Epoch 0: 10.00% done
Loss: 39.93059752145057
Time: 733.08 s
Epoch 0: 20.00% done
Loss: 17.540638256883827
Time: 1441.61 s
Epoch 0: 30.00% done
Loss: 12.479555606068413
Time: 2153.61 s
Epoch 0: 40.00% done
Loss: 9.986973683756968
Time: 2865.36 s
Epoch 0: 50.00% done
Loss: 8.449501442291854
Time: 3576.94 s
Epoch 0: 60.00% done
Loss: 7.342479494771595
Time: 4285.09 s
Epoch 0: 70.00% done
Loss: 6.669716631602517
Time: 4994.22 s
Epoch 0: 80.00% done
Loss: 6.139149207403515
Time: 5708.07 s
Epoch 0: 90.00% done
Loss: 5.6356775182817245
Time: 6418.37 s

Epoch 0 done
Epoch loss: 11.942957022210551

Time taken for epoch: 7122.46 s
Number of gradients clipped: 3967

Calculating validation loss: 0.00% done
Time: 0.21 s
Calculating validation loss: 20.00% done
Time: 197.50 s
Calculating validation loss: 40.00% done
Time: 394.54 s
Calculating validation loss: 60.00% done
Time: 591.60 s
Calculating validation loss: 80.00% done
Time: 788.58 s

Validation loss: 118.31757785637537

Time taken: 985.57 s
Saving model to data/tamil/models/awe/9/initial_model_lr_0.0001_tmp_0.15_acc_1000_bs_5_2_5/2024-08-08_10:05:56_checkpoint_epoch_0.pt

Dataset generation time limit reached: 600 s.
Number of classes remaining: 172.
Regenerated paired data
Epoch 1: 0.00% done
Loss: 2.6213887333869934
Time: 0.10 s
Epoch 1: 10.00% done
Loss: 5.025256518501396
Time: 689.73 s
Epoch 1: 20.00% done
Loss: 4.7231571513326
Time: 1378.09 s
Epoch 1: 30.00% done
Loss: 4.486474855932792
Time: 2070.07 s
Epoch 1: 40.00% done
Loss: 4.372560596617508
Time: 2764.22 s
Epoch 1: 50.00% done
Loss: 4.17759963943197
Time: 3463.31 s
Epoch 1: 60.00% done
Loss: 4.030705620936475
Time: 4152.60 s
Epoch 1: 70.00% done
Loss: 3.8272635041570835
Time: 4838.58 s
Epoch 1: 80.00% done
Loss: 3.7601639080896585
Time: 5526.71 s
Epoch 1: 90.00% done
Loss: 3.6205210615455328
Time: 6216.77 s

Epoch 1 done
Epoch loss: 4.15513198296363

Time taken for epoch: 6905.14 s
Number of gradients clipped: 73

Calculating validation loss: 0.00% done
Time: 0.04 s
Calculating validation loss: 20.00% done
Time: 195.19 s
Calculating validation loss: 40.00% done
Time: 390.24 s
Calculating validation loss: 60.00% done
Time: 584.93 s
Calculating validation loss: 80.00% done
Time: 779.99 s

Validation loss: 99.15225157022573

Time taken: 974.93 s
Saving model to data/tamil/models/awe/9/initial_model_lr_0.0001_tmp_0.15_acc_1000_bs_5_2_5/2024-08-08_10:05:56_checkpoint_epoch_1.pt

Dataset generation time limit reached: 600 s.
Number of classes remaining: 171.
Regenerated paired data
Epoch 2: 0.00% done
Loss: 2.034842073917389
Time: 0.93 s
Epoch 2: 10.00% done
Loss: 3.433542201686095
Time: 684.42 s
Epoch 2: 20.00% done
Loss: 3.3163812412271008
Time: 1368.56 s
Epoch 2: 30.00% done
Loss: 3.245825336394141
Time: 2056.41 s
Epoch 2: 40.00% done
Loss: 3.2163027900807246
Time: 2748.34 s
Epoch 2: 50.00% done
Loss: 3.1334012560174003
Time: 3430.71 s
slurmstepd: error: *** STEP 5871043.0 ON r2i7n1 CANCELLED AT 2024-08-08T16:10:22 ***
slurmstepd: error: *** JOB 5871043 ON r2i7n1 CANCELLED AT 2024-08-08T16:10:22 ***
srun: Job step aborted: Waiting up to 32 seconds for job step to finish.
