Loading python/3.10.8-gpu
  Loading requirement: nvidia/nvhpc-nompi/22.2 gcc/10.2.0
    openmpi/4.1.6-cuda-11.6
Loading pytorch/1.13.1-gpu
  Loading requirement: nvidia/cudnn/8.6.0-cuda-11.6 nvidia/tensorrt/8.4.3.1-u2
    libsndfile/1.0.28
TIME TO LOAD HUBERT: 75.87
NUMBER OF CPU CORES: 80
Generating embeddings for documents
100
Memory used: 1.90 GB
Memory used: 0.83 GB
1
Memory used: 0.37 GB
Memory used: 0.69 GB
2
Memory used: 0.37 GB
Memory used: 0.74 GB
3
Memory used: 0.37 GB
Memory used: 0.98 GB
4
Memory used: 0.37 GB
Memory used: 0.94 GB
5
Memory used: 0.37 GB
Memory used: 0.79 GB
6
Memory used: 0.37 GB
Memory used: 1.00 GB
7
Memory used: 0.37 GB
Memory used: 0.75 GB
8
Memory used: 0.37 GB
Memory used: 0.76 GB
9
Memory used: 0.37 GB
Memory used: 1.05 GB
10
Memory used: 0.37 GB
Memory used: 0.73 GB
11
Memory used: 0.37 GB
Memory used: 0.83 GB
12
Memory used: 0.37 GB
Memory used: 0.66 GB
13
Memory used: 0.37 GB
Memory used: 0.74 GB
14
Memory used: 0.37 GB
Memory used: 0.70 GB
15
Memory used: 0.37 GB
Memory used: 0.71 GB
16
Memory used: 0.37 GB
Memory used: 0.79 GB
17
Memory used: 0.37 GB
Memory used: 0.67 GB
18
Memory used: 0.37 GB
Memory used: 0.96 GB
19
Memory used: 0.37 GB
Memory used: 0.81 GB
20
Memory used: 0.37 GB
Memory used: 0.82 GB
21
Memory used: 0.37 GB
Memory used: 0.69 GB
22
Memory used: 0.37 GB
Memory used: 0.96 GB
23
Memory used: 0.37 GB
Memory used: 0.93 GB
24
Memory used: 0.37 GB
Memory used: 0.77 GB
25
Memory used: 0.37 GB
Memory used: 0.71 GB
26
Memory used: 0.37 GB
Memory used: 0.70 GB
27
Memory used: 0.37 GB
Memory used: 0.93 GB
28
Memory used: 0.37 GB
Memory used: 0.81 GB
29
Memory used: 0.37 GB
Memory used: 0.70 GB
30
Memory used: 0.37 GB
Memory used: 0.93 GB
31
Memory used: 0.37 GB
Memory used: 0.74 GB
32
Memory used: 0.37 GB
Memory used: 1.14 GB
33
Memory used: 0.37 GB
Memory used: 0.66 GB
34
Memory used: 0.37 GB
Memory used: 0.86 GB
35
Memory used: 0.37 GB
Memory used: 0.74 GB
36
Memory used: 0.37 GB
Memory used: 0.75 GB
37
Memory used: 0.37 GB
Memory used: 0.93 GB
38
Memory used: 0.37 GB
Memory used: 0.80 GB
39
Memory used: 0.37 GB
Memory used: 0.90 GB
40
Memory used: 0.37 GB
Memory used: 1.06 GB
41
Memory used: 0.37 GB
Memory used: 0.75 GB
42
Memory used: 0.37 GB
Memory used: 0.67 GB
43
Memory used: 0.37 GB
Memory used: 1.04 GB
44
Memory used: 0.37 GB
Memory used: 0.73 GB
45
Memory used: 0.37 GB
Memory used: 0.75 GB
46
Memory used: 0.37 GB
Memory used: 0.67 GB
47
Memory used: 0.37 GB
Memory used: 0.86 GB
48
Memory used: 0.37 GB
Memory used: 0.81 GB
49
Memory used: 0.37 GB
Memory used: 0.71 GB
50
Memory used: 0.37 GB
Memory used: 0.81 GB
51
Memory used: 0.37 GB
Memory used: 0.73 GB
52
Memory used: 0.37 GB
Memory used: 0.66 GB
53
Memory used: 0.37 GB
Memory used: 0.82 GB
54
Memory used: 0.37 GB
Memory used: 1.14 GB
55
Memory used: 0.37 GB
Memory used: 0.80 GB
56
Memory used: 0.37 GB
Memory used: 0.87 GB
57
Memory used: 0.37 GB
Memory used: 0.76 GB
58
Memory used: 0.37 GB
Memory used: 0.90 GB
59
Memory used: 0.37 GB
Memory used: 0.81 GB
60
Memory used: 0.37 GB
Memory used: 1.26 GB
61
Memory used: 0.37 GB
Memory used: 0.79 GB
62
Memory used: 0.37 GB
Memory used: 0.98 GB
63
Memory used: 0.37 GB
Memory used: 0.64 GB
64
Memory used: 0.37 GB
Memory used: 0.79 GB
65
Memory used: 0.37 GB
Memory used: 0.75 GB
66
Memory used: 0.37 GB
Memory used: 0.98 GB
67
Memory used: 0.37 GB
Memory used: 0.83 GB
68
Memory used: 0.37 GB
Memory used: 0.74 GB
69
Memory used: 0.37 GB
Memory used: 0.88 GB
70
Memory used: 0.37 GB
Memory used: 0.83 GB
71
Memory used: 0.37 GB
Memory used: 0.80 GB
72
Memory used: 0.37 GB
Memory used: 1.09 GB
73
Memory used: 0.37 GB
Memory used: 0.80 GB
74
Memory used: 0.37 GB
Memory used: 0.86 GB
75
Memory used: 0.37 GB
Memory used: 0.80 GB
76
Memory used: 0.37 GB
Memory used: 0.68 GB
77
Memory used: 0.37 GB
Memory used: 0.81 GB
78
Memory used: 0.37 GB
Memory used: 0.70 GB
79
Memory used: 0.37 GB
Memory used: 1.06 GB
80
Memory used: 0.37 GB
Memory used: 0.80 GB
81
Memory used: 0.37 GB
Memory used: 0.76 GB
82
Memory used: 0.37 GB
Memory used: 0.86 GB
83
Memory used: 0.37 GB
Memory used: 0.81 GB
84
Memory used: 0.37 GB
Memory used: 0.73 GB
85
Memory used: 0.37 GB
Memory used: 1.00 GB
86
Memory used: 0.37 GB
Memory used: 0.75 GB
87
Memory used: 0.37 GB
Memory used: 0.74 GB
88
Memory used: 0.37 GB
Memory used: 0.93 GB
89
Memory used: 0.37 GB
Memory used: 0.76 GB
90
Memory used: 0.37 GB
Memory used: 0.94 GB
91
Memory used: 0.37 GB
Memory used: 0.88 GB
92
Memory used: 0.37 GB
Memory used: 0.76 GB
93
Memory used: 0.37 GB
Memory used: 0.91 GB
94
Memory used: 0.37 GB
Memory used: 0.96 GB
95
Memory used: 0.37 GB
Memory used: 0.81 GB
96
Memory used: 0.37 GB
Memory used: 0.91 GB
97
Memory used: 0.37 GB
Memory used: 0.99 GB
98
Memory used: 0.37 GB
Memory used: 0.91 GB
99
Memory used: 0.37 GB
Memory used: 0.80 GB
100
Memory used: 0.37 GB
TIME TO EXTRACT EMBEDDINGS: 3.18
